<?xml version="1.0" encoding="UTF-8"?>
<testsuite name="CodeSharingPlatformTest" tests="1" skipped="0" failures="1" errors="0" timestamp="2021-02-22T17:36:51" hostname="dimka9910-2" time="10.711">
  <properties/>
  <testcase name="start" classname="CodeSharingPlatformTest" time="10.711">
    <failure message="java.lang.AssertionError: Unexpected error in test #103&#10;&#10;We have recorded this bug and will fix it soon.&#10;&#10;Submitted via IDE&#10;&#10;OS Linux&#10;Java 11.0.8&#10;Vendor Amazon.com Inc.&#10;Testing library version 8&#10;&#10;org.hyperskill.hstest.exception.outcomes.UnexpectedError&#10;&#9;at org.hyperskill.hstest.stage.SpringTest.reloadSpring(SpringTest.java:175)&#10;&#9;at CodeSharingPlatformTest.reloadServer(CodeSharingPlatformTest.java:571)&#10;&#9;at CodeSharingPlatformTest.lambda$new$100(CodeSharingPlatformTest.java:279)&#10;&#9;at org.hyperskill.hstest.dynamic.input.DynamicTesting.lambda$null$2(DynamicTesting.java:281)&#10;&#9;at org.hyperskill.hstest.dynamic.input.DynamicTesting$1DynamicTestElement.lambda$null$0(DynamicTesting.java:244)&#10;&#9;at org.hyperskill.hstest.testing.runner.SpringApplicationRunner.test(SpringApplicationRunner.java:43)&#10;&#9;at org.hyperskill.hstest.testing.TestRun.test(TestRun.java:87)&#10;&#9;at org.hyperskill.hstest.stage.StageTest.start(StageTest.java:110)&#10;&#9;at java.base/jdk.internal.reflect.NativeMethodAccessorImpl.invoke0(Native Method)&#10;&#9;at java.base/jdk.internal.reflect.NativeMethodAccessorImpl.invoke(NativeMethodAccessorImpl.java:62)&#10;&#9;at java.base/jdk.internal.reflect.DelegatingMethodAccessorImpl.invoke(DelegatingMethodAccessorImpl.java:43)&#10;&#9;at java.base/java.lang.reflect.Method.invoke(Method.java:566)&#10;&#9;at org.junit.runners.model.FrameworkMethod$1.runReflectiveCall(FrameworkMethod.java:50)&#10;&#9;at org.junit.internal.runners.model.ReflectiveCallable.run(ReflectiveCallable.java:12)&#10;&#9;at org.junit.runners.model.FrameworkMethod.invokeExplosively(FrameworkMethod.java:47)&#10;&#9;at org.junit.internal.runners.statements.InvokeMethod.evaluate(InvokeMethod.java:17)&#10;&#9;at org.junit.internal.runners.statements.RunAfters.evaluate(RunAfters.java:27)&#10;&#9;at org.junit.runners.ParentRunner.runLeaf(ParentRunner.java:325)&#10;&#9;at org.junit.runners.BlockJUnit4ClassRunner.runChild(BlockJUnit4ClassRunner.java:78)&#10;&#9;at org.junit.runners.BlockJUnit4ClassRunner.runChild(BlockJUnit4ClassRunner.java:57)&#10;&#9;at org.junit.runners.ParentRunner$3.run(ParentRunner.java:290)&#10;&#9;at org.junit.runners.ParentRunner$1.schedule(ParentRunner.java:71)&#10;&#9;at org.junit.runners.ParentRunner.runChildren(ParentRunner.java:288)&#10;&#9;at org.junit.runners.ParentRunner.access$000(ParentRunner.java:58)&#10;&#9;at org.junit.runners.ParentRunner$2.evaluate(ParentRunner.java:268)&#10;&#9;at org.junit.runners.ParentRunner.run(ParentRunner.java:363)&#10;&#9;at org.gradle.api.internal.tasks.testing.junit.JUnitTestClassExecutor.runTestClass(JUnitTestClassExecutor.java:110)&#10;&#9;at org.gradle.api.internal.tasks.testing.junit.JUnitTestClassExecutor.execute(JUnitTestClassExecutor.java:58)&#10;&#9;at org.gradle.api.internal.tasks.testing.junit.JUnitTestClassExecutor.execute(JUnitTestClassExecutor.java:38)&#10;&#9;at org.gradle.api.internal.tasks.testing.junit.AbstractJUnitTestClassProcessor.processTestClass(AbstractJUnitTestClassProcessor.java:62)&#10;&#9;at org.gradle.api.internal.tasks.testing.SuiteTestClassProcessor.processTestClass(SuiteTestClassProcessor.java:51)&#10;&#9;at java.base/jdk.internal.reflect.NativeMethodAccessorImpl.invoke0(Native Method)&#10;&#9;at java.base/jdk.internal.reflect.NativeMethodAccessorImpl.invoke(NativeMethodAccessorImpl.java:62)&#10;&#9;at java.base/jdk.internal.reflect.DelegatingMethodAccessorImpl.invoke(DelegatingMethodAccessorImpl.java:43)&#10;&#9;at java.base/java.lang.reflect.Method.invoke(Method.java:566)&#10;&#9;at org.gradle.internal.dispatch.ReflectionDispatch.dispatch(ReflectionDispatch.java:36)&#10;&#9;at org.gradle.internal.dispatch.ReflectionDispatch.dispatch(ReflectionDispatch.java:24)&#10;&#9;at org.gradle.internal.dispatch.ContextClassLoaderDispatch.dispatch(ContextClassLoaderDispatch.java:33)&#10;&#9;at org.gradle.internal.dispatch.ProxyDispatchAdapter$DispatchingInvocationHandler.invoke(ProxyDispatchAdapter.java:94)&#10;&#9;at com.sun.proxy.$Proxy2.processTestClass(Unknown Source)&#10;&#9;at org.gradle.api.internal.tasks.testing.worker.TestWorker.processTestClass(TestWorker.java:119)&#10;&#9;at java.base/jdk.internal.reflect.NativeMethodAccessorImpl.invoke0(Native Method)&#10;&#9;at java.base/jdk.internal.reflect.NativeMethodAccessorImpl.invoke(NativeMethodAccessorImpl.java:62)&#10;&#9;at java.base/jdk.internal.reflect.DelegatingMethodAccessorImpl.invoke(DelegatingMethodAccessorImpl.java:43)&#10;&#9;at java.base/java.lang.reflect.Method.invoke(Method.java:566)&#10;&#9;at org.gradle.internal.dispatch.ReflectionDispatch.dispatch(ReflectionDispatch.java:36)&#10;&#9;at org.gradle.internal.dispatch.ReflectionDispatch.dispatch(ReflectionDispatch.java:24)&#10;&#9;at org.gradle.internal.remote.internal.hub.MessageHubBackedObjectConnection$DispatchWrapper.dispatch(MessageHubBackedObjectConnection.java:182)&#10;&#9;at org.gradle.internal.remote.internal.hub.MessageHubBackedObjectConnection$DispatchWrapper.dispatch(MessageHubBackedObjectConnection.java:164)&#10;&#9;at org.gradle.internal.remote.internal.hub.MessageHub$Handler.run(MessageHub.java:414)&#10;&#9;at org.gradle.internal.concurrent.ExecutorPolicy$CatchAndRecordFailures.onExecute(ExecutorPolicy.java:64)&#10;&#9;at org.gradle.internal.concurrent.ManagedExecutorImpl$1.run(ManagedExecutorImpl.java:48)&#10;&#9;at java.base/java.util.concurrent.ThreadPoolExecutor.runWorker(ThreadPoolExecutor.java:1128)&#10;&#9;at java.base/java.util.concurrent.ThreadPoolExecutor$Worker.run(ThreadPoolExecutor.java:628)&#10;&#9;at org.gradle.internal.concurrent.ThreadFactoryImpl$ManagedThreadRunnable.run(ThreadFactoryImpl.java:56)&#10;&#9;at java.base/java.lang.Thread.run(Thread.java:834)&#10;Caused by: java.lang.reflect.InvocationTargetException&#10;&#9;at java.base/jdk.internal.reflect.NativeMethodAccessorImpl.invoke0(Native Method)&#10;&#9;at java.base/jdk.internal.reflect.NativeMethodAccessorImpl.invoke(NativeMethodAccessorImpl.java:62)&#10;&#9;at java.base/jdk.internal.reflect.DelegatingMethodAccessorImpl.invoke(DelegatingMethodAccessorImpl.java:43)&#10;&#9;at java.base/java.lang.reflect.Method.invoke(Method.java:566)&#10;&#9;at org.hyperskill.hstest.stage.SpringTest.startSpring(SpringTest.java:140)&#10;&#9;at org.hyperskill.hstest.stage.SpringTest.reloadSpring(SpringTest.java:173)&#10;&#9;... 55 more&#10;Caused by: org.springframework.context.ApplicationContextException: Failed to start bean 'webServerStartStop'; nested exception is org.springframework.boot.web.server.PortInUseException: Port 8889 is already in use&#10;&#9;at org.springframework.context.support.DefaultLifecycleProcessor.doStart(DefaultLifecycleProcessor.java:185)&#10;&#9;at org.springframework.context.support.DefaultLifecycleProcessor.access$200(DefaultLifecycleProcessor.java:53)&#10;&#9;at org.springframework.context.support.DefaultLifecycleProcessor$LifecycleGroup.start(DefaultLifecycleProcessor.java:360)&#10;&#9;at org.springframework.context.support.DefaultLifecycleProcessor.startBeans(DefaultLifecycleProcessor.java:158)&#10;&#9;at org.springframework.context.support.DefaultLifecycleProcessor.onRefresh(DefaultLifecycleProcessor.java:122)&#10;&#9;at org.springframework.context.support.AbstractApplicationContext.finishRefresh(AbstractApplicationContext.java:895)&#10;&#9;at org.springframework.context.support.AbstractApplicationContext.refresh(AbstractApplicationContext.java:554)&#10;&#9;at org.springframework.boot.web.servlet.context.ServletWebServerApplicationContext.refresh(ServletWebServerApplicationContext.java:143)&#10;&#9;at org.springframework.boot.SpringApplication.refresh(SpringApplication.java:758)&#10;&#9;at org.springframework.boot.SpringApplication.refresh(SpringApplication.java:750)&#10;&#9;at org.springframework.boot.SpringApplication.refreshContext(SpringApplication.java:397)&#10;&#9;at org.springframework.boot.SpringApplication.run(SpringApplication.java:315)&#10;&#9;at platform.CodeSharingPlatform.main(CodeSharingPlatform.java:18)&#10;&#9;... 61 more&#10;Caused by: org.springframework.boot.web.server.PortInUseException: Port 8889 is already in use&#10;&#9;at org.springframework.boot.web.server.PortInUseException.lambda$throwIfPortBindingException$0(PortInUseException.java:70)&#10;&#9;at org.springframework.boot.web.server.PortInUseException.lambda$ifPortBindingException$1(PortInUseException.java:85)&#10;&#9;at org.springframework.boot.web.server.PortInUseException.ifCausedBy(PortInUseException.java:103)&#10;&#9;at org.springframework.boot.web.server.PortInUseException.ifPortBindingException(PortInUseException.java:82)&#10;&#9;at org.springframework.boot.web.server.PortInUseException.throwIfPortBindingException(PortInUseException.java:69)&#10;&#9;at org.springframework.boot.web.embedded.tomcat.TomcatWebServer.start(TomcatWebServer.java:228)&#10;&#9;at org.springframework.boot.web.servlet.context.WebServerStartStopLifecycle.start(WebServerStartStopLifecycle.java:43)&#10;&#9;at org.springframework.context.support.DefaultLifecycleProcessor.doStart(DefaultLifecycleProcessor.java:182)&#10;&#9;... 73 more&#10;Caused by: java.lang.IllegalArgumentException: standardService.connector.startFailed&#10;&#9;at org.apache.catalina.core.StandardService.addConnector(StandardService.java:231)&#10;&#9;at org.springframework.boot.web.embedded.tomcat.TomcatWebServer.addPreviouslyRemovedConnectors(TomcatWebServer.java:282)&#10;&#9;at org.springframework.boot.web.embedded.tomcat.TomcatWebServer.start(TomcatWebServer.java:213)&#10;&#9;... 75 more&#10;Caused by: org.apache.catalina.LifecycleException: Protocol handler start failed&#10;&#9;at org.apache.catalina.connector.Connector.startInternal(Connector.java:1067)&#10;&#9;at org.apache.catalina.util.LifecycleBase.start(LifecycleBase.java:183)&#10;&#9;at org.apache.catalina.core.StandardService.addConnector(StandardService.java:227)&#10;&#9;... 77 more&#10;Caused by: java.net.BindException: Address already in use&#10;&#9;at java.base/sun.nio.ch.Net.bind0(Native Method)&#10;&#9;at java.base/sun.nio.ch.Net.bind(Net.java:455)&#10;&#9;at java.base/sun.nio.ch.Net.bind(Net.java:447)&#10;&#9;at java.base/sun.nio.ch.ServerSocketChannelImpl.bind(ServerSocketChannelImpl.java:227)&#10;&#9;at java.base/sun.nio.ch.ServerSocketAdaptor.bind(ServerSocketAdaptor.java:80)&#10;&#9;at org.apache.tomcat.util.net.NioEndpoint.initServerSocket(NioEndpoint.java:228)&#10;&#9;at org.apache.tomcat.util.net.NioEndpoint.bind(NioEndpoint.java:211)&#10;&#9;at org.apache.tomcat.util.net.AbstractEndpoint.bindWithCleanup(AbstractEndpoint.java:1141)&#10;&#9;at org.apache.tomcat.util.net.AbstractEndpoint.start(AbstractEndpoint.java:1227)&#10;&#9;at org.apache.coyote.AbstractProtocol.start(AbstractProtocol.java:592)&#10;&#9;at org.apache.catalina.connector.Connector.startInternal(Connector.java:1064)&#10;&#9;... 79 more&#10;&#10;java.lang.reflect.InvocationTargetException&#10;&#9;at java.base/jdk.internal.reflect.NativeMethodAccessorImpl.invoke0(Native Method)&#10;&#9;at java.base/jdk.internal.reflect.NativeMethodAccessorImpl.invoke(NativeMethodAccessorImpl.java:62)&#10;&#9;at java.base/jdk.internal.reflect.DelegatingMethodAccessorImpl.invoke(DelegatingMethodAccessorImpl.java:43)&#10;&#9;at java.base/java.lang.reflect.Method.invoke(Method.java:566)&#10;&#9;at org.hyperskill.hstest.stage.SpringTest.startSpring(SpringTest.java:140)&#10;&#9;at org.hyperskill.hstest.stage.SpringTest.reloadSpring(SpringTest.java:173)&#10;&#9;at CodeSharingPlatformTest.reloadServer(CodeSharingPlatformTest.java:571)&#10;&#9;at CodeSharingPlatformTest.lambda$new$100(CodeSharingPlatformTest.java:279)&#10;&#9;at org.hyperskill.hstest.dynamic.input.DynamicTesting.lambda$null$2(DynamicTesting.java:281)&#10;&#9;at org.hyperskill.hstest.dynamic.input.DynamicTesting$1DynamicTestElement.lambda$null$0(DynamicTesting.java:244)&#10;&#9;at org.hyperskill.hstest.testing.runner.SpringApplicationRunner.test(SpringApplicationRunner.java:43)&#10;&#9;at org.hyperskill.hstest.testing.TestRun.test(TestRun.java:87)&#10;&#9;at org.hyperskill.hstest.stage.StageTest.start(StageTest.java:110)&#10;&#9;at java.base/jdk.internal.reflect.NativeMethodAccessorImpl.invoke0(Native Method)&#10;&#9;at java.base/jdk.internal.reflect.NativeMethodAccessorImpl.invoke(NativeMethodAccessorImpl.java:62)&#10;&#9;at java.base/jdk.internal.reflect.DelegatingMethodAccessorImpl.invoke(DelegatingMethodAccessorImpl.java:43)&#10;&#9;at java.base/java.lang.reflect.Method.invoke(Method.java:566)&#10;&#9;at org.junit.runners.model.FrameworkMethod$1.runReflectiveCall(FrameworkMethod.java:50)&#10;&#9;at org.junit.internal.runners.model.ReflectiveCallable.run(ReflectiveCallable.java:12)&#10;&#9;at org.junit.runners.model.FrameworkMethod.invokeExplosively(FrameworkMethod.java:47)&#10;&#9;at org.junit.internal.runners.statements.InvokeMethod.evaluate(InvokeMethod.java:17)&#10;&#9;at org.junit.internal.runners.statements.RunAfters.evaluate(RunAfters.java:27)&#10;&#9;at org.junit.runners.ParentRunner.runLeaf(ParentRunner.java:325)&#10;&#9;at org.junit.runners.BlockJUnit4ClassRunner.runChild(BlockJUnit4ClassRunner.java:78)&#10;&#9;at org.junit.runners.BlockJUnit4ClassRunner.runChild(BlockJUnit4ClassRunner.java:57)&#10;&#9;at org.junit.runners.ParentRunner$3.run(ParentRunner.java:290)&#10;&#9;at org.junit.runners.ParentRunner$1.schedule(ParentRunner.java:71)&#10;&#9;at org.junit.runners.ParentRunner.runChildren(ParentRunner.java:288)&#10;&#9;at org.junit.runners.ParentRunner.access$000(ParentRunner.java:58)&#10;&#9;at org.junit.runners.ParentRunner$2.evaluate(ParentRunner.java:268)&#10;&#9;at org.junit.runners.ParentRunner.run(ParentRunner.java:363)&#10;&#9;at org.gradle.api.internal.tasks.testing.junit.JUnitTestClassExecutor.runTestClass(JUnitTestClassExecutor.java:110)&#10;&#9;at org.gradle.api.internal.tasks.testing.junit.JUnitTestClassExecutor.execute(JUnitTestClassExecutor.java:58)&#10;&#9;at org.gradle.api.internal.tasks.testing.junit.JUnitTestClassExecutor.execute(JUnitTestClassExecutor.java:38)&#10;&#9;at org.gradle.api.internal.tasks.testing.junit.AbstractJUnitTestClassProcessor.processTestClass(AbstractJUnitTestClassProcessor.java:62)&#10;&#9;at org.gradle.api.internal.tasks.testing.SuiteTestClassProcessor.processTestClass(SuiteTestClassProcessor.java:51)&#10;&#9;at java.base/jdk.internal.reflect.NativeMethodAccessorImpl.invoke0(Native Method)&#10;&#9;at java.base/jdk.internal.reflect.NativeMethodAccessorImpl.invoke(NativeMethodAccessorImpl.java:62)&#10;&#9;at java.base/jdk.internal.reflect.DelegatingMethodAccessorImpl.invoke(DelegatingMethodAccessorImpl.java:43)&#10;&#9;at java.base/java.lang.reflect.Method.invoke(Method.java:566)&#10;&#9;at org.gradle.internal.dispatch.ReflectionDispatch.dispatch(ReflectionDispatch.java:36)&#10;&#9;at org.gradle.internal.dispatch.ReflectionDispatch.dispatch(ReflectionDispatch.java:24)&#10;&#9;at org.gradle.internal.dispatch.ContextClassLoaderDispatch.dispatch(ContextClassLoaderDispatch.java:33)&#10;&#9;at org.gradle.internal.dispatch.ProxyDispatchAdapter$DispatchingInvocationHandler.invoke(ProxyDispatchAdapter.java:94)&#10;&#9;at com.sun.proxy.$Proxy2.processTestClass(Unknown Source)&#10;&#9;at org.gradle.api.internal.tasks.testing.worker.TestWorker.processTestClass(TestWorker.java:119)&#10;&#9;at java.base/jdk.internal.reflect.NativeMethodAccessorImpl.invoke0(Native Method)&#10;&#9;at java.base/jdk.internal.reflect.NativeMethodAccessorImpl.invoke(NativeMethodAccessorImpl.java:62)&#10;&#9;at java.base/jdk.internal.reflect.DelegatingMethodAccessorImpl.invoke(DelegatingMethodAccessorImpl.java:43)&#10;&#9;at java.base/java.lang.reflect.Method.invoke(Method.java:566)&#10;&#9;at org.gradle.internal.dispatch.ReflectionDispatch.dispatch(ReflectionDispatch.java:36)&#10;&#9;at org.gradle.internal.dispatch.ReflectionDispatch.dispatch(ReflectionDispatch.java:24)&#10;&#9;at org.gradle.internal.remote.internal.hub.MessageHubBackedObjectConnection$DispatchWrapper.dispatch(MessageHubBackedObjectConnection.java:182)&#10;&#9;at org.gradle.internal.remote.internal.hub.MessageHubBackedObjectConnection$DispatchWrapper.dispatch(MessageHubBackedObjectConnection.java:164)&#10;&#9;at org.gradle.internal.remote.internal.hub.MessageHub$Handler.run(MessageHub.java:414)&#10;&#9;at org.gradle.internal.concurrent.ExecutorPolicy$CatchAndRecordFailures.onExecute(ExecutorPolicy.java:64)&#10;&#9;at org.gradle.internal.concurrent.ManagedExecutorImpl$1.run(ManagedExecutorImpl.java:48)&#10;&#9;at java.base/java.util.concurrent.ThreadPoolExecutor.runWorker(ThreadPoolExecutor.java:1128)&#10;&#9;at java.base/java.util.concurrent.ThreadPoolExecutor$Worker.run(ThreadPoolExecutor.java:628)&#10;&#9;at org.gradle.internal.concurrent.ThreadFactoryImpl$ManagedThreadRunnable.run(ThreadFactoryImpl.java:56)&#10;&#9;at java.base/java.lang.Thread.run(Thread.java:834)&#10;Caused by: org.springframework.context.ApplicationContextException: Failed to start bean 'webServerStartStop'; nested exception is org.springframework.boot.web.server.PortInUseException: Port 8889 is already in use&#10;&#9;at org.springframework.context.support.DefaultLifecycleProcessor.doStart(DefaultLifecycleProcessor.java:185)&#10;&#9;at org.springframework.context.support.DefaultLifecycleProcessor.access$200(DefaultLifecycleProcessor.java:53)&#10;&#9;at org.springframework.context.support.DefaultLifecycleProcessor$LifecycleGroup.start(DefaultLifecycleProcessor.java:360)&#10;&#9;at org.springframework.context.support.DefaultLifecycleProcessor.startBeans(DefaultLifecycleProcessor.java:158)&#10;&#9;at org.springframework.context.support.DefaultLifecycleProcessor.onRefresh(DefaultLifecycleProcessor.java:122)&#10;&#9;at org.springframework.context.support.AbstractApplicationContext.finishRefresh(AbstractApplicationContext.java:895)&#10;&#9;at org.springframework.context.support.AbstractApplicationContext.refresh(AbstractApplicationContext.java:554)&#10;&#9;at org.springframework.boot.web.servlet.context.ServletWebServerApplicationContext.refresh(ServletWebServerApplicationContext.java:143)&#10;&#9;at org.springframework.boot.SpringApplication.refresh(SpringApplication.java:758)&#10;&#9;at org.springframework.boot.SpringApplication.refresh(SpringApplication.java:750)&#10;&#9;at org.springframework.boot.SpringApplication.refreshContext(SpringApplication.java:397)&#10;&#9;at org.springframework.boot.SpringApplication.run(SpringApplication.java:315)&#10;&#9;at platform.CodeSharingPlatform.main(CodeSharingPlatform.java:18)&#10;&#9;... 61 more&#10;Caused by: org.springframework.boot.web.server.PortInUseException: Port 8889 is already in use&#10;&#9;at org.springframework.boot.web.server.PortInUseException.lambda$throwIfPortBindingException$0(PortInUseException.java:70)&#10;&#9;at org.springframework.boot.web.server.PortInUseException.lambda$ifPortBindingException$1(PortInUseException.java:85)&#10;&#9;at org.springframework.boot.web.server.PortInUseException.ifCausedBy(PortInUseException.java:103)&#10;&#9;at org.springframework.boot.web.server.PortInUseException.ifPortBindingException(PortInUseException.java:82)&#10;&#9;at org.springframework.boot.web.server.PortInUseException.throwIfPortBindingException(PortInUseException.java:69)&#10;&#9;at org.springframework.boot.web.embedded.tomcat.TomcatWebServer.start(TomcatWebServer.java:228)&#10;&#9;at org.springframework.boot.web.servlet.context.WebServerStartStopLifecycle.start(WebServerStartStopLifecycle.java:43)&#10;&#9;at org.springframework.context.support.DefaultLifecycleProcessor.doStart(DefaultLifecycleProcessor.java:182)&#10;&#9;... 73 more&#10;Caused by: java.lang.IllegalArgumentException: standardService.connector.startFailed&#10;&#9;at org.apache.catalina.core.StandardService.addConnector(StandardService.java:231)&#10;&#9;at org.springframework.boot.web.embedded.tomcat.TomcatWebServer.addPreviouslyRemovedConnectors(TomcatWebServer.java:282)&#10;&#9;at org.springframework.boot.web.embedded.tomcat.TomcatWebServer.start(TomcatWebServer.java:213)&#10;&#9;... 75 more&#10;Caused by: org.apache.catalina.LifecycleException: Protocol handler start failed&#10;&#9;at org.apache.catalina.connector.Connector.startInternal(Connector.java:1067)&#10;&#9;at org.apache.catalina.util.LifecycleBase.start(LifecycleBase.java:183)&#10;&#9;at org.apache.catalina.core.StandardService.addConnector(StandardService.java:227)&#10;&#9;... 77 more&#10;Caused by: java.net.BindException: Address already in use&#10;&#9;at java.base/sun.nio.ch.Net.bind0(Native Method)&#10;&#9;at java.base/sun.nio.ch.Net.bind(Net.java:455)&#10;&#9;at java.base/sun.nio.ch.Net.bind(Net.java:447)&#10;&#9;at java.base/sun.nio.ch.ServerSocketChannelImpl.bind(ServerSocketChannelImpl.java:227)&#10;&#9;at java.base/sun.nio.ch.ServerSocketAdaptor.bind(ServerSocketAdaptor.java:80)&#10;&#9;at org.apache.tomcat.util.net.NioEndpoint.initServerSocket(NioEndpoint.java:228)&#10;&#9;at org.apache.tomcat.util.net.NioEndpoint.bind(NioEndpoint.java:211)&#10;&#9;at org.apache.tomcat.util.net.AbstractEndpoint.bindWithCleanup(AbstractEndpoint.java:1141)&#10;&#9;at org.apache.tomcat.util.net.AbstractEndpoint.start(AbstractEndpoint.java:1227)&#10;&#9;at org.apache.coyote.AbstractProtocol.start(AbstractProtocol.java:592)&#10;&#9;at org.apache.catalina.connector.Connector.startInternal(Connector.java:1064)&#10;&#9;... 79 more&#10;&#10;Please find below the output of your program during this failed test.&#10;&#10;---&#10;&#10;&#10;  .   ____          _            __ _ _&#10; /\\ / ___'_ __ _ _(_)_ __  __ _ \ \ \ \&#10;( ( )\___ | '_ | '_| | '_ \/ _` | \ \ \ \&#10; \\/  ___)| |_)| | | | | || (_| |  ) ) ) )&#10;  '  |____| .__|_| |_|_| |_\__, | / / / /&#10; =========|_|==============|___/=/_/_/_/&#10; :: Spring Boot ::        (v2.3.3.RELEASE)&#10;&#10;2021-02-22 20:36:51.840  INFO 23954 --- [    Test worker] platform.CodeSharingPlatform             : Starting CodeSharingPlatform on dimka9910-2 with PID 23954 (started by dimka9910 in /home/dimka9910/IdeaProjects/Code Sharing Platform/Code Sharing Platform/task)&#10;2021-02-22 20:36:51.843  INFO 23954 --- [    Test worker] platform.CodeSharingPlatform             : No active profile set, falling back to default profiles: default&#10;2021-02-22 20:36:52.423  INFO 23954 --- [    Test worker] .s.d.r.c.RepositoryConfigurationDelegate : Bootstrapping Spring Data JPA repositories in DEFERRED mode.&#10;2021-02-22 20:36:52.462  INFO 23954 --- [    Test worker] .s.d.r.c.RepositoryConfigurationDelegate : Finished Spring Data repository scanning in 33ms. Found 1 JPA repository interfaces.&#10;2021-02-22 20:36:52.833  INFO 23954 --- [    Test worker] o.s.b.w.embedded.tomcat.TomcatWebServer  : Tomcat initialized with port(s): 8889 (http)&#10;2021-02-22 20:36:52.841  INFO 23954 --- [    Test worker] o.apache.catalina.core.StandardService   : Starting service [Tomcat]&#10;2021-02-22 20:36:52.841  INFO 23954 --- [    Test worker] org.apache.catalina.core.StandardEngine  : Starting Servlet engine: [Apache Tomcat/9.0.37]&#10;2021-02-22 20:36:52.906  INFO 23954 --- [    Test worker] o.a.c.c.C.[Tomcat].[localhost].[/]       : Initializing Spring embedded WebApplicationContext&#10;2021-02-22 20:36:52.906  INFO 23954 --- [    Test worker] w.s.c.ServletWebServerApplicationContext : Root WebApplicationContext: initialization completed in 1021 ms&#10;2021-02-22 20:36:52.998  INFO 23954 --- [    Test worker] com.zaxxer.hikari.HikariDataSource       : HikariPool-1 - Starting...&#10;2021-02-22 20:36:53.114  INFO 23954 --- [    Test worker] com.zaxxer.hikari.HikariDataSource       : HikariPool-1 - Start completed.&#10;2021-02-22 20:36:53.119  INFO 23954 --- [    Test worker] o.s.b.a.h2.H2ConsoleAutoConfiguration    : H2 console available at '/h2-console'. Database available at 'jdbc:h2:file:../snippets'&#10;2021-02-22 20:36:53.245  INFO 23954 --- [    Test worker] o.s.s.concurrent.ThreadPoolTaskExecutor  : Initializing ExecutorService 'applicationTaskExecutor'&#10;2021-02-22 20:36:53.275  INFO 23954 --- [         task-1] o.hibernate.jpa.internal.util.LogHelper  : HHH000204: Processing PersistenceUnitInfo [name: default]&#10;2021-02-22 20:36:53.285  WARN 23954 --- [    Test worker] JpaBaseConfiguration$JpaWebConfiguration : spring.jpa.open-in-view is enabled by default. Therefore, database queries may be performed during view rendering. Explicitly configure spring.jpa.open-in-view to disable this warning&#10;2021-02-22 20:36:53.310  INFO 23954 --- [         task-1] org.hibernate.Version                    : HHH000412: Hibernate ORM core version 5.4.20.Final&#10;2021-02-22 20:36:53.424  INFO 23954 --- [         task-1] o.hibernate.annotations.common.Version   : HCANN000001: Hibernate Commons Annotations {5.1.0.Final}&#10;2021-02-22 20:36:53.498  INFO 23954 --- [         task-1] org.hibernate.dialect.Dialect            : HHH000400: Using dialect: org.hibernate.dialect.H2Dialect&#10;2021-02-22 20:36:53.938  INFO 23954 --- [         task-1] o.h.e.t.j.p.i.JtaPlatformInitiator       : HHH000490: Using JtaPlatform implementation: [org.hibernate.engine.transaction.jta.platform.internal.NoJtaPlatform]&#10;2021-02-22 20:36:53.945  INFO 23954 --- [         task-1] j.LocalContainerEntityManagerFactoryBean : Initialized JPA EntityManagerFactory for persistence unit 'default'&#10;2021-02-22 20:36:54.017  INFO 23954 --- [    Test worker] o.s.b.a.e.web.EndpointLinksResolver      : Exposing 14 endpoint(s) beneath base path '/actuator'&#10;2021-02-22 20:36:54.052  INFO 23954 --- [    Test worker] o.s.b.w.embedded.tomcat.TomcatWebServer  : Tomcat started on port(s): 8889 (http) with context path ''&#10;2021-02-22 20:36:54.053  INFO 23954 --- [    Test worker] DeferredRepositoryInitializationListener : Triggering deferred initialization of Spring Data repositories…&#10;2021-02-22 20:36:54.238  INFO 23954 --- [    Test worker] DeferredRepositoryInitializationListener : Spring Data repositories initialized!&#10;2021-02-22 20:36:54.251  INFO 23954 --- [    Test worker] platform.CodeSharingPlatform             : Started CodeSharingPlatform in 2.646 seconds (JVM running for 3.104)&#10;2021-02-22 20:36:54.484  INFO 23954 --- [nio-8889-exec-1] o.a.c.c.C.[Tomcat].[localhost].[/]       : Initializing Spring DispatcherServlet 'dispatcherServlet'&#10;2021-02-22 20:36:54.484  INFO 23954 --- [nio-8889-exec-1] o.s.web.servlet.DispatcherServlet        : Initializing Servlet 'dispatcherServlet'&#10;2021-02-22 20:36:54.490  INFO 23954 --- [nio-8889-exec-1] o.s.web.servlet.DispatcherServlet        : Completed initialization in 6 ms&#10;&quot;/api/code/new&quot;&#10;907b1419-ced3-406a-971e-8232124ac79d&#10;false&#10;false&#10;0&#10;0&#10;/api/code/907b1419-ced3-406a-971e-8232124ac79d&#10;/api/code/latest&#10;&quot;/api/code/new&quot;&#10;a730b543-d03b-4c84-9962-25dc1dfd135e&#10;false&#10;false&#10;0&#10;0&#10;/api/code/907b1419-ced3-406a-971e-8232124ac79d&#10;/api/code/a730b543-d03b-4c84-9962-25dc1dfd135e&#10;/api/code/latest&#10;&quot;/api/code/new&quot;&#10;937c1914-f5e6-4e6b-8bfd-c1e8dbfe33f0&#10;false&#10;false&#10;0&#10;0&#10;&quot;/api/code/new&quot;&#10;31a0073f-ad52-4a6b-933f-594cbc5bd124&#10;false&#10;false&#10;0&#10;0&#10;&quot;/api/code/new&quot;&#10;6d5eea27-1b68-47b5-8332-9802fd20a684&#10;false&#10;false&#10;0&#10;0&#10;&quot;/api/code/new&quot;&#10;b3b5ff2e-2786-4823-b479-5c35c945f2d8&#10;false&#10;false&#10;0&#10;0&#10;&quot;/api/code/new&quot;&#10;f619e67e-5cf9-47c6-83c0-34d8b18b4bc7&#10;false&#10;false&#10;0&#10;0&#10;&quot;/api/code/new&quot;&#10;dc804548-9020-49f5-a06a-82fa712b7f64&#10;false&#10;false&#10;0&#10;0&#10;&quot;/api/code/new&quot;&#10;04ff6cf4-5cdd-42b6-993b-c97265e8363b&#10;false&#10;false&#10;0&#10;0&#10;&quot;/api/code/new&quot;&#10;291674c3-ccf9-4cec-a38b-1d01aef43a80&#10;false&#10;false&#10;0&#10;0&#10;&quot;/api/code/new&quot;&#10;b565f406-b03e-4cd3-b9d5-0e7b20546f6b&#10;false&#10;false&#10;0&#10;0&#10;&quot;/api/code/new&quot;&#10;765926c5-e40a-44ce-9c52-f45c75df81ad&#10;false&#10;false&#10;0&#10;0&#10;&quot;/api/code/new&quot;&#10;8d5e3388-278f-40a9-8ed3-615e3adab43c&#10;false&#10;false&#10;0&#10;0&#10;&quot;/api/code/new&quot;&#10;28aed548-341e-4fc9-a9a7-a04f22081ba9&#10;false&#10;false&#10;0&#10;0&#10;/api/code/907b1419-ced3-406a-971e-8232124ac79d&#10;/api/code/a730b543-d03b-4c84-9962-25dc1dfd135e&#10;/api/code/937c1914-f5e6-4e6b-8bfd-c1e8dbfe33f0&#10;/api/code/31a0073f-ad52-4a6b-933f-594cbc5bd124&#10;/api/code/6d5eea27-1b68-47b5-8332-9802fd20a684&#10;/api/code/b3b5ff2e-2786-4823-b479-5c35c945f2d8&#10;/api/code/f619e67e-5cf9-47c6-83c0-34d8b18b4bc7&#10;/api/code/dc804548-9020-49f5-a06a-82fa712b7f64&#10;/api/code/04ff6cf4-5cdd-42b6-993b-c97265e8363b&#10;/api/code/291674c3-ccf9-4cec-a38b-1d01aef43a80&#10;/api/code/b565f406-b03e-4cd3-b9d5-0e7b20546f6b&#10;/api/code/765926c5-e40a-44ce-9c52-f45c75df81ad&#10;/api/code/8d5e3388-278f-40a9-8ed3-615e3adab43c&#10;/api/code/28aed548-341e-4fc9-a9a7-a04f22081ba9&#10;/api/code/latest&#10;2021-02-22 20:36:55.684  INFO 23954 --- [       Thread-6] j.LocalContainerEntityManagerFactoryBean : Closing JPA EntityManagerFactory for persistence unit 'default'&#10;2021-02-22 20:36:55.689  INFO 23954 --- [       Thread-6] o.s.s.concurrent.ThreadPoolTaskExecutor  : Shutting down ExecutorService 'applicationTaskExecutor'&#10;2021-02-22 20:36:55.692  INFO 23954 --- [       Thread-6] com.zaxxer.hikari.HikariDataSource       : HikariPool-1 - Shutdown initiated...&#10;2021-02-22 20:36:55.945  INFO 23954 --- [       Thread-6] com.zaxxer.hikari.HikariDataSource       : HikariPool-1 - Shutdown completed.&#10;&#10;  .   ____          _            __ _ _&#10; /\\ / ___'_ __ _ _(_)_ __  __ _ \ \ \ \&#10;( ( )\___ | '_ | '_| | '_ \/ _` | \ \ \ \&#10; \\/  ___)| |_)| | | | | || (_| |  ) ) ) )&#10;  '  |____| .__|_| |_|_| |_\__, | / / / /&#10; =========|_|==============|___/=/_/_/_/&#10; :: Spring Boot ::        (v2.3.3.RELEASE)&#10;&#10;2021-02-22 20:36:56.072  INFO 23954 --- [    Test worker] platform.CodeSharingPlatform             : Starting CodeSharingPlatform on dimka9910-2 with PID 23954 (started by dimka9910 in /home/dimka9910/IdeaProjects/Code Sharing Platform/Code Sharing Platform/task)&#10;2021-02-22 20:36:56.073  INFO 23954 --- [    Test worker] platform.CodeSharingPlatform             : No active profile set, falling back to default profiles: default&#10;2021-02-22 20:36:56.227  INFO 23954 --- [    Test worker] .s.d.r.c.RepositoryConfigurationDelegate : Bootstrapping Spring Data JPA repositories in DEFERRED mode.&#10;2021-02-22 20:36:56.231  INFO 23954 --- [    Test worker] .s.d.r.c.RepositoryConfigurationDelegate : Finished Spring Data repository scanning in 3ms. Found 1 JPA repository interfaces.&#10;2021-02-22 20:36:56.285  INFO 23954 --- [    Test worker] o.s.b.w.embedded.tomcat.TomcatWebServer  : Tomcat initialized with port(s): 8889 (http)&#10;2021-02-22 20:36:56.286  INFO 23954 --- [    Test worker] o.apache.catalina.core.StandardService   : Starting service [Tomcat]&#10;2021-02-22 20:36:56.286  INFO 23954 --- [    Test worker] org.apache.catalina.core.StandardEngine  : Starting Servlet engine: [Apache Tomcat/9.0.37]&#10;2021-02-22 20:36:56.297  INFO 23954 --- [    Test worker] o.a.c.c.C.[Tomcat].[localhost].[/]       : Initializing Spring embedded WebApplicationContext&#10;2021-02-22 20:36:56.297  INFO 23954 --- [    Test worker] w.s.c.ServletWebServerApplicationContext : Root WebApplicationContext: initialization completed in 222 ms&#10;2021-02-22 20:36:56.328  INFO 23954 --- [    Test worker] com.zaxxer.hikari.HikariDataSource       : HikariPool-2 - Starting...&#10;2021-02-22 20:36:56.332  INFO 23954 --- [    Test worker] com.zaxxer.hikari.HikariDataSource       : HikariPool-2 - Start completed.&#10;2021-02-22 20:36:56.333  INFO 23954 --- [    Test worker] o.s.b.a.h2.H2ConsoleAutoConfiguration    : H2 console available at '/h2-console'. Database available at 'jdbc:h2:file:../snippets'&#10;2021-02-22 20:36:56.365  INFO 23954 --- [    Test worker] o.s.s.concurrent.ThreadPoolTaskExecutor  : Initializing ExecutorService 'applicationTaskExecutor'&#10;2021-02-22 20:36:56.368  INFO 23954 --- [         task-1] o.hibernate.jpa.internal.util.LogHelper  : HHH000204: Processing PersistenceUnitInfo [name: default]&#10;2021-02-22 20:36:56.373  INFO 23954 --- [         task-1] org.hibernate.dialect.Dialect            : HHH000400: Using dialect: org.hibernate.dialect.H2Dialect&#10;2021-02-22 20:36:56.378  WARN 23954 --- [    Test worker] JpaBaseConfiguration$JpaWebConfiguration : spring.jpa.open-in-view is enabled by default. Therefore, database queries may be performed during view rendering. Explicitly configure spring.jpa.open-in-view to disable this warning&#10;2021-02-22 20:36:56.422  INFO 23954 --- [         task-1] o.h.e.t.j.p.i.JtaPlatformInitiator       : HHH000490: Using JtaPlatform implementation: [org.hibernate.engine.transaction.jta.platform.internal.NoJtaPlatform]&#10;2021-02-22 20:36:56.423  INFO 23954 --- [         task-1] j.LocalContainerEntityManagerFactoryBean : Initialized JPA EntityManagerFactory for persistence unit 'default'&#10;2021-02-22 20:36:56.498  INFO 23954 --- [    Test worker] o.s.b.a.e.web.EndpointLinksResolver      : Exposing 14 endpoint(s) beneath base path '/actuator'&#10;2021-02-22 20:36:56.508  INFO 23954 --- [    Test worker] o.s.b.w.embedded.tomcat.TomcatWebServer  : Tomcat started on port(s): 8889 (http) with context path ''&#10;2021-02-22 20:36:56.509  INFO 23954 --- [    Test worker] DeferredRepositoryInitializationListener : Triggering deferred initialization of Spring Data repositories…&#10;2021-02-22 20:36:56.530  INFO 23954 --- [    Test worker] DeferredRepositoryInitializationListener : Spring Data repositories initialized!&#10;2021-02-22 20:36:56.535  INFO 23954 --- [    Test worker] platform.CodeSharingPlatform             : Started CodeSharingPlatform in 0.487 seconds (JVM running for 5.388)&#10;2021-02-22 20:36:56.539  INFO 23954 --- [nio-8889-exec-1] o.a.c.c.C.[Tomcat].[localhost].[/]       : Initializing Spring DispatcherServlet 'dispatcherServlet'&#10;2021-02-22 20:36:56.539  INFO 23954 --- [nio-8889-exec-1] o.s.web.servlet.DispatcherServlet        : Initializing Servlet 'dispatcherServlet'&#10;2021-02-22 20:36:56.541  INFO 23954 --- [nio-8889-exec-1] o.s.web.servlet.DispatcherServlet        : Completed initialization in 2 ms&#10;/api/code/907b1419-ced3-406a-971e-8232124ac79d&#10;/api/code/a730b543-d03b-4c84-9962-25dc1dfd135e&#10;/api/code/937c1914-f5e6-4e6b-8bfd-c1e8dbfe33f0&#10;/api/code/31a0073f-ad52-4a6b-933f-594cbc5bd124&#10;/api/code/6d5eea27-1b68-47b5-8332-9802fd20a684&#10;/api/code/b3b5ff2e-2786-4823-b479-5c35c945f2d8&#10;/api/code/f619e67e-5cf9-47c6-83c0-34d8b18b4bc7&#10;/api/code/dc804548-9020-49f5-a06a-82fa712b7f64&#10;/api/code/04ff6cf4-5cdd-42b6-993b-c97265e8363b&#10;/api/code/291674c3-ccf9-4cec-a38b-1d01aef43a80&#10;/api/code/b565f406-b03e-4cd3-b9d5-0e7b20546f6b&#10;/api/code/765926c5-e40a-44ce-9c52-f45c75df81ad&#10;/api/code/8d5e3388-278f-40a9-8ed3-615e3adab43c&#10;/api/code/28aed548-341e-4fc9-a9a7-a04f22081ba9&#10;/api/code/latest&#10;&quot;/api/code/new&quot;&#10;2cfb536c-633f-4edc-b2ac-6190939694ea&#10;false&#10;false&#10;0&#10;0&#10;&quot;/api/code/new&quot;&#10;59605135-1b18-4267-b8bf-a36f271daaa3&#10;true&#10;true&#10;100&#10;20&#10;&quot;/api/code/new&quot;&#10;1ad37564-24a6-482b-a427-8342430bbce1&#10;false&#10;false&#10;0&#10;0&#10;&quot;/api/code/new&quot;&#10;cab2ab7f-f508-4aab-ab37-c3f4c497afc1&#10;false&#10;true&#10;0&#10;5&#10;&quot;/api/code/new&quot;&#10;1ce6d564-f25c-474f-9485-31ac1082d116&#10;false&#10;false&#10;0&#10;0&#10;&quot;/api/code/new&quot;&#10;ac376f14-ff03-4a7a-a278-73efc23f678e&#10;true&#10;false&#10;3&#10;0&#10;&quot;/api/code/new&quot;&#10;7417f5fd-70e4-4f9f-8cd1-293c26fc9d59&#10;false&#10;false&#10;0&#10;0&#10;&quot;/api/code/new&quot;&#10;8ec6a957-7d2e-4fd6-8a2a-19ec9bd58c6b&#10;true&#10;false&#10;30&#10;0&#10;/api/code/2cfb536c-633f-4edc-b2ac-6190939694ea&#10;/api/code/1ad37564-24a6-482b-a427-8342430bbce1&#10;/api/code/1ce6d564-f25c-474f-9485-31ac1082d116&#10;/api/code/7417f5fd-70e4-4f9f-8cd1-293c26fc9d59&#10;&#10;  .   ____          _            __ _ _&#10; /\\ / ___'_ __ _ _(_)_ __  __ _ \ \ \ \&#10;( ( )\___ | '_ | '_| | '_ \/ _` | \ \ \ \&#10; \\/  ___)| |_)| | | | | || (_| |  ) ) ) )&#10;  '  |____| .__|_| |_|_| |_\__, | / / / /&#10; =========|_|==============|___/=/_/_/_/&#10; :: Spring Boot ::        (v2.3.3.RELEASE)&#10;&#10;2021-02-22 20:37:01.825  INFO 23954 --- [    Test worker] platform.CodeSharingPlatform             : Starting CodeSharingPlatform on dimka9910-2 with PID 23954 (started by dimka9910 in /home/dimka9910/IdeaProjects/Code Sharing Platform/Code Sharing Platform/task)&#10;2021-02-22 20:37:01.826  INFO 23954 --- [    Test worker] platform.CodeSharingPlatform             : No active profile set, falling back to default profiles: default&#10;2021-02-22 20:37:01.952  INFO 23954 --- [    Test worker] .s.d.r.c.RepositoryConfigurationDelegate : Bootstrapping Spring Data JPA repositories in DEFERRED mode.&#10;2021-02-22 20:37:01.956  INFO 23954 --- [    Test worker] .s.d.r.c.RepositoryConfigurationDelegate : Finished Spring Data repository scanning in 3ms. Found 1 JPA repository interfaces.&#10;2021-02-22 20:37:02.001  INFO 23954 --- [    Test worker] o.s.b.w.embedded.tomcat.TomcatWebServer  : Tomcat initialized with port(s): 8889 (http)&#10;2021-02-22 20:37:02.001  INFO 23954 --- [    Test worker] o.apache.catalina.core.StandardService   : Starting service [Tomcat]&#10;2021-02-22 20:37:02.002  INFO 23954 --- [    Test worker] org.apache.catalina.core.StandardEngine  : Starting Servlet engine: [Apache Tomcat/9.0.37]&#10;2021-02-22 20:37:02.011  INFO 23954 --- [    Test worker] o.a.c.c.C.[Tomcat-1].[localhost].[/]     : Initializing Spring embedded WebApplicationContext&#10;2021-02-22 20:37:02.011  INFO 23954 --- [    Test worker] w.s.c.ServletWebServerApplicationContext : Root WebApplicationContext: initialization completed in 183 ms&#10;2021-02-22 20:37:02.035  INFO 23954 --- [    Test worker] com.zaxxer.hikari.HikariDataSource       : HikariPool-3 - Starting...&#10;2021-02-22 20:37:02.036  INFO 23954 --- [    Test worker] com.zaxxer.hikari.HikariDataSource       : HikariPool-3 - Start completed.&#10;2021-02-22 20:37:02.036  INFO 23954 --- [    Test worker] o.s.b.a.h2.H2ConsoleAutoConfiguration    : H2 console available at '/h2-console'. Database available at 'jdbc:h2:file:../snippets'&#10;2021-02-22 20:37:02.060  INFO 23954 --- [    Test worker] o.s.s.concurrent.ThreadPoolTaskExecutor  : Initializing ExecutorService 'applicationTaskExecutor'&#10;2021-02-22 20:37:02.062  INFO 23954 --- [         task-1] o.hibernate.jpa.internal.util.LogHelper  : HHH000204: Processing PersistenceUnitInfo [name: default]&#10;2021-02-22 20:37:02.065  INFO 23954 --- [         task-1] org.hibernate.dialect.Dialect            : HHH000400: Using dialect: org.hibernate.dialect.H2Dialect&#10;2021-02-22 20:37:02.068  WARN 23954 --- [    Test worker] JpaBaseConfiguration$JpaWebConfiguration : spring.jpa.open-in-view is enabled by default. Therefore, database queries may be performed during view rendering. Explicitly configure spring.jpa.open-in-view to disable this warning&#10;2021-02-22 20:37:02.092  INFO 23954 --- [         task-1] o.h.e.t.j.p.i.JtaPlatformInitiator       : HHH000490: Using JtaPlatform implementation: [org.hibernate.engine.transaction.jta.platform.internal.NoJtaPlatform]&#10;2021-02-22 20:37:02.092  INFO 23954 --- [         task-1] j.LocalContainerEntityManagerFactoryBean : Initialized JPA EntityManagerFactory for persistence unit 'default'&#10;2021-02-22 20:37:02.173  INFO 23954 --- [    Test worker] o.s.b.a.e.web.EndpointLinksResolver      : Exposing 14 endpoint(s) beneath base path '/actuator'&#10;2021-02-22 20:37:02.184  WARN 23954 --- [    Test worker] ConfigServletWebServerApplicationContext : Exception encountered during context initialization - cancelling refresh attempt: org.springframework.context.ApplicationContextException: Failed to start bean 'webServerStartStop'; nested exception is org.springframework.boot.web.server.PortInUseException: Port 8889 is already in use&#10;2021-02-22 20:37:02.185  INFO 23954 --- [    Test worker] j.LocalContainerEntityManagerFactoryBean : Closing JPA EntityManagerFactory for persistence unit 'default'&#10;2021-02-22 20:37:02.185  INFO 23954 --- [    Test worker] o.s.s.concurrent.ThreadPoolTaskExecutor  : Shutting down ExecutorService 'applicationTaskExecutor'&#10;2021-02-22 20:37:02.186  INFO 23954 --- [    Test worker] com.zaxxer.hikari.HikariDataSource       : HikariPool-3 - Shutdown initiated...&#10;2021-02-22 20:37:02.187  INFO 23954 --- [    Test worker] com.zaxxer.hikari.HikariDataSource       : HikariPool-3 - Shutdown completed.&#10;2021-02-22 20:37:02.188  INFO 23954 --- [    Test worker] o.apache.catalina.core.StandardService   : Stopping service [Tomcat]&#10;2021-02-22 20:37:02.194  INFO 23954 --- [    Test worker] ConditionEvaluationReportLoggingListener : &#10;&#10;Error starting ApplicationContext. To display the conditions report re-run your application with 'debug' enabled.&#10;2021-02-22 20:37:02.196 ERROR 23954 --- [    Test worker] o.s.b.d.LoggingFailureAnalysisReporter   : &#10;&#10;***************************&#10;APPLICATION FAILED TO START&#10;***************************&#10;&#10;Description:&#10;&#10;Web server failed to start. Port 8889 was already in use.&#10;&#10;Action:&#10;&#10;Identify and stop the process that's listening on port 8889 or configure this application to listen on another port." type="java.lang.AssertionError">java.lang.AssertionError: Unexpected error in test #103

We have recorded this bug and will fix it soon.

Submitted via IDE

OS Linux
Java 11.0.8
Vendor Amazon.com Inc.
Testing library version 8

org.hyperskill.hstest.exception.outcomes.UnexpectedError
	at org.hyperskill.hstest.stage.SpringTest.reloadSpring(SpringTest.java:175)
	at CodeSharingPlatformTest.reloadServer(CodeSharingPlatformTest.java:571)
	at CodeSharingPlatformTest.lambda$new$100(CodeSharingPlatformTest.java:279)
	at org.hyperskill.hstest.dynamic.input.DynamicTesting.lambda$null$2(DynamicTesting.java:281)
	at org.hyperskill.hstest.dynamic.input.DynamicTesting$1DynamicTestElement.lambda$null$0(DynamicTesting.java:244)
	at org.hyperskill.hstest.testing.runner.SpringApplicationRunner.test(SpringApplicationRunner.java:43)
	at org.hyperskill.hstest.testing.TestRun.test(TestRun.java:87)
	at org.hyperskill.hstest.stage.StageTest.start(StageTest.java:110)
	at java.base/jdk.internal.reflect.NativeMethodAccessorImpl.invoke0(Native Method)
	at java.base/jdk.internal.reflect.NativeMethodAccessorImpl.invoke(NativeMethodAccessorImpl.java:62)
	at java.base/jdk.internal.reflect.DelegatingMethodAccessorImpl.invoke(DelegatingMethodAccessorImpl.java:43)
	at java.base/java.lang.reflect.Method.invoke(Method.java:566)
	at org.junit.runners.model.FrameworkMethod$1.runReflectiveCall(FrameworkMethod.java:50)
	at org.junit.internal.runners.model.ReflectiveCallable.run(ReflectiveCallable.java:12)
	at org.junit.runners.model.FrameworkMethod.invokeExplosively(FrameworkMethod.java:47)
	at org.junit.internal.runners.statements.InvokeMethod.evaluate(InvokeMethod.java:17)
	at org.junit.internal.runners.statements.RunAfters.evaluate(RunAfters.java:27)
	at org.junit.runners.ParentRunner.runLeaf(ParentRunner.java:325)
	at org.junit.runners.BlockJUnit4ClassRunner.runChild(BlockJUnit4ClassRunner.java:78)
	at org.junit.runners.BlockJUnit4ClassRunner.runChild(BlockJUnit4ClassRunner.java:57)
	at org.junit.runners.ParentRunner$3.run(ParentRunner.java:290)
	at org.junit.runners.ParentRunner$1.schedule(ParentRunner.java:71)
	at org.junit.runners.ParentRunner.runChildren(ParentRunner.java:288)
	at org.junit.runners.ParentRunner.access$000(ParentRunner.java:58)
	at org.junit.runners.ParentRunner$2.evaluate(ParentRunner.java:268)
	at org.junit.runners.ParentRunner.run(ParentRunner.java:363)
	at org.gradle.api.internal.tasks.testing.junit.JUnitTestClassExecutor.runTestClass(JUnitTestClassExecutor.java:110)
	at org.gradle.api.internal.tasks.testing.junit.JUnitTestClassExecutor.execute(JUnitTestClassExecutor.java:58)
	at org.gradle.api.internal.tasks.testing.junit.JUnitTestClassExecutor.execute(JUnitTestClassExecutor.java:38)
	at org.gradle.api.internal.tasks.testing.junit.AbstractJUnitTestClassProcessor.processTestClass(AbstractJUnitTestClassProcessor.java:62)
	at org.gradle.api.internal.tasks.testing.SuiteTestClassProcessor.processTestClass(SuiteTestClassProcessor.java:51)
	at java.base/jdk.internal.reflect.NativeMethodAccessorImpl.invoke0(Native Method)
	at java.base/jdk.internal.reflect.NativeMethodAccessorImpl.invoke(NativeMethodAccessorImpl.java:62)
	at java.base/jdk.internal.reflect.DelegatingMethodAccessorImpl.invoke(DelegatingMethodAccessorImpl.java:43)
	at java.base/java.lang.reflect.Method.invoke(Method.java:566)
	at org.gradle.internal.dispatch.ReflectionDispatch.dispatch(ReflectionDispatch.java:36)
	at org.gradle.internal.dispatch.ReflectionDispatch.dispatch(ReflectionDispatch.java:24)
	at org.gradle.internal.dispatch.ContextClassLoaderDispatch.dispatch(ContextClassLoaderDispatch.java:33)
	at org.gradle.internal.dispatch.ProxyDispatchAdapter$DispatchingInvocationHandler.invoke(ProxyDispatchAdapter.java:94)
	at com.sun.proxy.$Proxy2.processTestClass(Unknown Source)
	at org.gradle.api.internal.tasks.testing.worker.TestWorker.processTestClass(TestWorker.java:119)
	at java.base/jdk.internal.reflect.NativeMethodAccessorImpl.invoke0(Native Method)
	at java.base/jdk.internal.reflect.NativeMethodAccessorImpl.invoke(NativeMethodAccessorImpl.java:62)
	at java.base/jdk.internal.reflect.DelegatingMethodAccessorImpl.invoke(DelegatingMethodAccessorImpl.java:43)
	at java.base/java.lang.reflect.Method.invoke(Method.java:566)
	at org.gradle.internal.dispatch.ReflectionDispatch.dispatch(ReflectionDispatch.java:36)
	at org.gradle.internal.dispatch.ReflectionDispatch.dispatch(ReflectionDispatch.java:24)
	at org.gradle.internal.remote.internal.hub.MessageHubBackedObjectConnection$DispatchWrapper.dispatch(MessageHubBackedObjectConnection.java:182)
	at org.gradle.internal.remote.internal.hub.MessageHubBackedObjectConnection$DispatchWrapper.dispatch(MessageHubBackedObjectConnection.java:164)
	at org.gradle.internal.remote.internal.hub.MessageHub$Handler.run(MessageHub.java:414)
	at org.gradle.internal.concurrent.ExecutorPolicy$CatchAndRecordFailures.onExecute(ExecutorPolicy.java:64)
	at org.gradle.internal.concurrent.ManagedExecutorImpl$1.run(ManagedExecutorImpl.java:48)
	at java.base/java.util.concurrent.ThreadPoolExecutor.runWorker(ThreadPoolExecutor.java:1128)
	at java.base/java.util.concurrent.ThreadPoolExecutor$Worker.run(ThreadPoolExecutor.java:628)
	at org.gradle.internal.concurrent.ThreadFactoryImpl$ManagedThreadRunnable.run(ThreadFactoryImpl.java:56)
	at java.base/java.lang.Thread.run(Thread.java:834)
Caused by: java.lang.reflect.InvocationTargetException
	at java.base/jdk.internal.reflect.NativeMethodAccessorImpl.invoke0(Native Method)
	at java.base/jdk.internal.reflect.NativeMethodAccessorImpl.invoke(NativeMethodAccessorImpl.java:62)
	at java.base/jdk.internal.reflect.DelegatingMethodAccessorImpl.invoke(DelegatingMethodAccessorImpl.java:43)
	at java.base/java.lang.reflect.Method.invoke(Method.java:566)
	at org.hyperskill.hstest.stage.SpringTest.startSpring(SpringTest.java:140)
	at org.hyperskill.hstest.stage.SpringTest.reloadSpring(SpringTest.java:173)
	... 55 more
Caused by: org.springframework.context.ApplicationContextException: Failed to start bean 'webServerStartStop'; nested exception is org.springframework.boot.web.server.PortInUseException: Port 8889 is already in use
	at org.springframework.context.support.DefaultLifecycleProcessor.doStart(DefaultLifecycleProcessor.java:185)
	at org.springframework.context.support.DefaultLifecycleProcessor.access$200(DefaultLifecycleProcessor.java:53)
	at org.springframework.context.support.DefaultLifecycleProcessor$LifecycleGroup.start(DefaultLifecycleProcessor.java:360)
	at org.springframework.context.support.DefaultLifecycleProcessor.startBeans(DefaultLifecycleProcessor.java:158)
	at org.springframework.context.support.DefaultLifecycleProcessor.onRefresh(DefaultLifecycleProcessor.java:122)
	at org.springframework.context.support.AbstractApplicationContext.finishRefresh(AbstractApplicationContext.java:895)
	at org.springframework.context.support.AbstractApplicationContext.refresh(AbstractApplicationContext.java:554)
	at org.springframework.boot.web.servlet.context.ServletWebServerApplicationContext.refresh(ServletWebServerApplicationContext.java:143)
	at org.springframework.boot.SpringApplication.refresh(SpringApplication.java:758)
	at org.springframework.boot.SpringApplication.refresh(SpringApplication.java:750)
	at org.springframework.boot.SpringApplication.refreshContext(SpringApplication.java:397)
	at org.springframework.boot.SpringApplication.run(SpringApplication.java:315)
	at platform.CodeSharingPlatform.main(CodeSharingPlatform.java:18)
	... 61 more
Caused by: org.springframework.boot.web.server.PortInUseException: Port 8889 is already in use
	at org.springframework.boot.web.server.PortInUseException.lambda$throwIfPortBindingException$0(PortInUseException.java:70)
	at org.springframework.boot.web.server.PortInUseException.lambda$ifPortBindingException$1(PortInUseException.java:85)
	at org.springframework.boot.web.server.PortInUseException.ifCausedBy(PortInUseException.java:103)
	at org.springframework.boot.web.server.PortInUseException.ifPortBindingException(PortInUseException.java:82)
	at org.springframework.boot.web.server.PortInUseException.throwIfPortBindingException(PortInUseException.java:69)
	at org.springframework.boot.web.embedded.tomcat.TomcatWebServer.start(TomcatWebServer.java:228)
	at org.springframework.boot.web.servlet.context.WebServerStartStopLifecycle.start(WebServerStartStopLifecycle.java:43)
	at org.springframework.context.support.DefaultLifecycleProcessor.doStart(DefaultLifecycleProcessor.java:182)
	... 73 more
Caused by: java.lang.IllegalArgumentException: standardService.connector.startFailed
	at org.apache.catalina.core.StandardService.addConnector(StandardService.java:231)
	at org.springframework.boot.web.embedded.tomcat.TomcatWebServer.addPreviouslyRemovedConnectors(TomcatWebServer.java:282)
	at org.springframework.boot.web.embedded.tomcat.TomcatWebServer.start(TomcatWebServer.java:213)
	... 75 more
Caused by: org.apache.catalina.LifecycleException: Protocol handler start failed
	at org.apache.catalina.connector.Connector.startInternal(Connector.java:1067)
	at org.apache.catalina.util.LifecycleBase.start(LifecycleBase.java:183)
	at org.apache.catalina.core.StandardService.addConnector(StandardService.java:227)
	... 77 more
Caused by: java.net.BindException: Address already in use
	at java.base/sun.nio.ch.Net.bind0(Native Method)
	at java.base/sun.nio.ch.Net.bind(Net.java:455)
	at java.base/sun.nio.ch.Net.bind(Net.java:447)
	at java.base/sun.nio.ch.ServerSocketChannelImpl.bind(ServerSocketChannelImpl.java:227)
	at java.base/sun.nio.ch.ServerSocketAdaptor.bind(ServerSocketAdaptor.java:80)
	at org.apache.tomcat.util.net.NioEndpoint.initServerSocket(NioEndpoint.java:228)
	at org.apache.tomcat.util.net.NioEndpoint.bind(NioEndpoint.java:211)
	at org.apache.tomcat.util.net.AbstractEndpoint.bindWithCleanup(AbstractEndpoint.java:1141)
	at org.apache.tomcat.util.net.AbstractEndpoint.start(AbstractEndpoint.java:1227)
	at org.apache.coyote.AbstractProtocol.start(AbstractProtocol.java:592)
	at org.apache.catalina.connector.Connector.startInternal(Connector.java:1064)
	... 79 more

java.lang.reflect.InvocationTargetException
	at java.base/jdk.internal.reflect.NativeMethodAccessorImpl.invoke0(Native Method)
	at java.base/jdk.internal.reflect.NativeMethodAccessorImpl.invoke(NativeMethodAccessorImpl.java:62)
	at java.base/jdk.internal.reflect.DelegatingMethodAccessorImpl.invoke(DelegatingMethodAccessorImpl.java:43)
	at java.base/java.lang.reflect.Method.invoke(Method.java:566)
	at org.hyperskill.hstest.stage.SpringTest.startSpring(SpringTest.java:140)
	at org.hyperskill.hstest.stage.SpringTest.reloadSpring(SpringTest.java:173)
	at CodeSharingPlatformTest.reloadServer(CodeSharingPlatformTest.java:571)
	at CodeSharingPlatformTest.lambda$new$100(CodeSharingPlatformTest.java:279)
	at org.hyperskill.hstest.dynamic.input.DynamicTesting.lambda$null$2(DynamicTesting.java:281)
	at org.hyperskill.hstest.dynamic.input.DynamicTesting$1DynamicTestElement.lambda$null$0(DynamicTesting.java:244)
	at org.hyperskill.hstest.testing.runner.SpringApplicationRunner.test(SpringApplicationRunner.java:43)
	at org.hyperskill.hstest.testing.TestRun.test(TestRun.java:87)
	at org.hyperskill.hstest.stage.StageTest.start(StageTest.java:110)
	at java.base/jdk.internal.reflect.NativeMethodAccessorImpl.invoke0(Native Method)
	at java.base/jdk.internal.reflect.NativeMethodAccessorImpl.invoke(NativeMethodAccessorImpl.java:62)
	at java.base/jdk.internal.reflect.DelegatingMethodAccessorImpl.invoke(DelegatingMethodAccessorImpl.java:43)
	at java.base/java.lang.reflect.Method.invoke(Method.java:566)
	at org.junit.runners.model.FrameworkMethod$1.runReflectiveCall(FrameworkMethod.java:50)
	at org.junit.internal.runners.model.ReflectiveCallable.run(ReflectiveCallable.java:12)
	at org.junit.runners.model.FrameworkMethod.invokeExplosively(FrameworkMethod.java:47)
	at org.junit.internal.runners.statements.InvokeMethod.evaluate(InvokeMethod.java:17)
	at org.junit.internal.runners.statements.RunAfters.evaluate(RunAfters.java:27)
	at org.junit.runners.ParentRunner.runLeaf(ParentRunner.java:325)
	at org.junit.runners.BlockJUnit4ClassRunner.runChild(BlockJUnit4ClassRunner.java:78)
	at org.junit.runners.BlockJUnit4ClassRunner.runChild(BlockJUnit4ClassRunner.java:57)
	at org.junit.runners.ParentRunner$3.run(ParentRunner.java:290)
	at org.junit.runners.ParentRunner$1.schedule(ParentRunner.java:71)
	at org.junit.runners.ParentRunner.runChildren(ParentRunner.java:288)
	at org.junit.runners.ParentRunner.access$000(ParentRunner.java:58)
	at org.junit.runners.ParentRunner$2.evaluate(ParentRunner.java:268)
	at org.junit.runners.ParentRunner.run(ParentRunner.java:363)
	at org.gradle.api.internal.tasks.testing.junit.JUnitTestClassExecutor.runTestClass(JUnitTestClassExecutor.java:110)
	at org.gradle.api.internal.tasks.testing.junit.JUnitTestClassExecutor.execute(JUnitTestClassExecutor.java:58)
	at org.gradle.api.internal.tasks.testing.junit.JUnitTestClassExecutor.execute(JUnitTestClassExecutor.java:38)
	at org.gradle.api.internal.tasks.testing.junit.AbstractJUnitTestClassProcessor.processTestClass(AbstractJUnitTestClassProcessor.java:62)
	at org.gradle.api.internal.tasks.testing.SuiteTestClassProcessor.processTestClass(SuiteTestClassProcessor.java:51)
	at java.base/jdk.internal.reflect.NativeMethodAccessorImpl.invoke0(Native Method)
	at java.base/jdk.internal.reflect.NativeMethodAccessorImpl.invoke(NativeMethodAccessorImpl.java:62)
	at java.base/jdk.internal.reflect.DelegatingMethodAccessorImpl.invoke(DelegatingMethodAccessorImpl.java:43)
	at java.base/java.lang.reflect.Method.invoke(Method.java:566)
	at org.gradle.internal.dispatch.ReflectionDispatch.dispatch(ReflectionDispatch.java:36)
	at org.gradle.internal.dispatch.ReflectionDispatch.dispatch(ReflectionDispatch.java:24)
	at org.gradle.internal.dispatch.ContextClassLoaderDispatch.dispatch(ContextClassLoaderDispatch.java:33)
	at org.gradle.internal.dispatch.ProxyDispatchAdapter$DispatchingInvocationHandler.invoke(ProxyDispatchAdapter.java:94)
	at com.sun.proxy.$Proxy2.processTestClass(Unknown Source)
	at org.gradle.api.internal.tasks.testing.worker.TestWorker.processTestClass(TestWorker.java:119)
	at java.base/jdk.internal.reflect.NativeMethodAccessorImpl.invoke0(Native Method)
	at java.base/jdk.internal.reflect.NativeMethodAccessorImpl.invoke(NativeMethodAccessorImpl.java:62)
	at java.base/jdk.internal.reflect.DelegatingMethodAccessorImpl.invoke(DelegatingMethodAccessorImpl.java:43)
	at java.base/java.lang.reflect.Method.invoke(Method.java:566)
	at org.gradle.internal.dispatch.ReflectionDispatch.dispatch(ReflectionDispatch.java:36)
	at org.gradle.internal.dispatch.ReflectionDispatch.dispatch(ReflectionDispatch.java:24)
	at org.gradle.internal.remote.internal.hub.MessageHubBackedObjectConnection$DispatchWrapper.dispatch(MessageHubBackedObjectConnection.java:182)
	at org.gradle.internal.remote.internal.hub.MessageHubBackedObjectConnection$DispatchWrapper.dispatch(MessageHubBackedObjectConnection.java:164)
	at org.gradle.internal.remote.internal.hub.MessageHub$Handler.run(MessageHub.java:414)
	at org.gradle.internal.concurrent.ExecutorPolicy$CatchAndRecordFailures.onExecute(ExecutorPolicy.java:64)
	at org.gradle.internal.concurrent.ManagedExecutorImpl$1.run(ManagedExecutorImpl.java:48)
	at java.base/java.util.concurrent.ThreadPoolExecutor.runWorker(ThreadPoolExecutor.java:1128)
	at java.base/java.util.concurrent.ThreadPoolExecutor$Worker.run(ThreadPoolExecutor.java:628)
	at org.gradle.internal.concurrent.ThreadFactoryImpl$ManagedThreadRunnable.run(ThreadFactoryImpl.java:56)
	at java.base/java.lang.Thread.run(Thread.java:834)
Caused by: org.springframework.context.ApplicationContextException: Failed to start bean 'webServerStartStop'; nested exception is org.springframework.boot.web.server.PortInUseException: Port 8889 is already in use
	at org.springframework.context.support.DefaultLifecycleProcessor.doStart(DefaultLifecycleProcessor.java:185)
	at org.springframework.context.support.DefaultLifecycleProcessor.access$200(DefaultLifecycleProcessor.java:53)
	at org.springframework.context.support.DefaultLifecycleProcessor$LifecycleGroup.start(DefaultLifecycleProcessor.java:360)
	at org.springframework.context.support.DefaultLifecycleProcessor.startBeans(DefaultLifecycleProcessor.java:158)
	at org.springframework.context.support.DefaultLifecycleProcessor.onRefresh(DefaultLifecycleProcessor.java:122)
	at org.springframework.context.support.AbstractApplicationContext.finishRefresh(AbstractApplicationContext.java:895)
	at org.springframework.context.support.AbstractApplicationContext.refresh(AbstractApplicationContext.java:554)
	at org.springframework.boot.web.servlet.context.ServletWebServerApplicationContext.refresh(ServletWebServerApplicationContext.java:143)
	at org.springframework.boot.SpringApplication.refresh(SpringApplication.java:758)
	at org.springframework.boot.SpringApplication.refresh(SpringApplication.java:750)
	at org.springframework.boot.SpringApplication.refreshContext(SpringApplication.java:397)
	at org.springframework.boot.SpringApplication.run(SpringApplication.java:315)
	at platform.CodeSharingPlatform.main(CodeSharingPlatform.java:18)
	... 61 more
Caused by: org.springframework.boot.web.server.PortInUseException: Port 8889 is already in use
	at org.springframework.boot.web.server.PortInUseException.lambda$throwIfPortBindingException$0(PortInUseException.java:70)
	at org.springframework.boot.web.server.PortInUseException.lambda$ifPortBindingException$1(PortInUseException.java:85)
	at org.springframework.boot.web.server.PortInUseException.ifCausedBy(PortInUseException.java:103)
	at org.springframework.boot.web.server.PortInUseException.ifPortBindingException(PortInUseException.java:82)
	at org.springframework.boot.web.server.PortInUseException.throwIfPortBindingException(PortInUseException.java:69)
	at org.springframework.boot.web.embedded.tomcat.TomcatWebServer.start(TomcatWebServer.java:228)
	at org.springframework.boot.web.servlet.context.WebServerStartStopLifecycle.start(WebServerStartStopLifecycle.java:43)
	at org.springframework.context.support.DefaultLifecycleProcessor.doStart(DefaultLifecycleProcessor.java:182)
	... 73 more
Caused by: java.lang.IllegalArgumentException: standardService.connector.startFailed
	at org.apache.catalina.core.StandardService.addConnector(StandardService.java:231)
	at org.springframework.boot.web.embedded.tomcat.TomcatWebServer.addPreviouslyRemovedConnectors(TomcatWebServer.java:282)
	at org.springframework.boot.web.embedded.tomcat.TomcatWebServer.start(TomcatWebServer.java:213)
	... 75 more
Caused by: org.apache.catalina.LifecycleException: Protocol handler start failed
	at org.apache.catalina.connector.Connector.startInternal(Connector.java:1067)
	at org.apache.catalina.util.LifecycleBase.start(LifecycleBase.java:183)
	at org.apache.catalina.core.StandardService.addConnector(StandardService.java:227)
	... 77 more
Caused by: java.net.BindException: Address already in use
	at java.base/sun.nio.ch.Net.bind0(Native Method)
	at java.base/sun.nio.ch.Net.bind(Net.java:455)
	at java.base/sun.nio.ch.Net.bind(Net.java:447)
	at java.base/sun.nio.ch.ServerSocketChannelImpl.bind(ServerSocketChannelImpl.java:227)
	at java.base/sun.nio.ch.ServerSocketAdaptor.bind(ServerSocketAdaptor.java:80)
	at org.apache.tomcat.util.net.NioEndpoint.initServerSocket(NioEndpoint.java:228)
	at org.apache.tomcat.util.net.NioEndpoint.bind(NioEndpoint.java:211)
	at org.apache.tomcat.util.net.AbstractEndpoint.bindWithCleanup(AbstractEndpoint.java:1141)
	at org.apache.tomcat.util.net.AbstractEndpoint.start(AbstractEndpoint.java:1227)
	at org.apache.coyote.AbstractProtocol.start(AbstractProtocol.java:592)
	at org.apache.catalina.connector.Connector.startInternal(Connector.java:1064)
	... 79 more

Please find below the output of your program during this failed test.

---


  .   ____          _            __ _ _
 /\\ / ___'_ __ _ _(_)_ __  __ _ \ \ \ \
( ( )\___ | '_ | '_| | '_ \/ _` | \ \ \ \
 \\/  ___)| |_)| | | | | || (_| |  ) ) ) )
  '  |____| .__|_| |_|_| |_\__, | / / / /
 =========|_|==============|___/=/_/_/_/
 :: Spring Boot ::        (v2.3.3.RELEASE)

2021-02-22 20:36:51.840  INFO 23954 --- [    Test worker] platform.CodeSharingPlatform             : Starting CodeSharingPlatform on dimka9910-2 with PID 23954 (started by dimka9910 in /home/dimka9910/IdeaProjects/Code Sharing Platform/Code Sharing Platform/task)
2021-02-22 20:36:51.843  INFO 23954 --- [    Test worker] platform.CodeSharingPlatform             : No active profile set, falling back to default profiles: default
2021-02-22 20:36:52.423  INFO 23954 --- [    Test worker] .s.d.r.c.RepositoryConfigurationDelegate : Bootstrapping Spring Data JPA repositories in DEFERRED mode.
2021-02-22 20:36:52.462  INFO 23954 --- [    Test worker] .s.d.r.c.RepositoryConfigurationDelegate : Finished Spring Data repository scanning in 33ms. Found 1 JPA repository interfaces.
2021-02-22 20:36:52.833  INFO 23954 --- [    Test worker] o.s.b.w.embedded.tomcat.TomcatWebServer  : Tomcat initialized with port(s): 8889 (http)
2021-02-22 20:36:52.841  INFO 23954 --- [    Test worker] o.apache.catalina.core.StandardService   : Starting service [Tomcat]
2021-02-22 20:36:52.841  INFO 23954 --- [    Test worker] org.apache.catalina.core.StandardEngine  : Starting Servlet engine: [Apache Tomcat/9.0.37]
2021-02-22 20:36:52.906  INFO 23954 --- [    Test worker] o.a.c.c.C.[Tomcat].[localhost].[/]       : Initializing Spring embedded WebApplicationContext
2021-02-22 20:36:52.906  INFO 23954 --- [    Test worker] w.s.c.ServletWebServerApplicationContext : Root WebApplicationContext: initialization completed in 1021 ms
2021-02-22 20:36:52.998  INFO 23954 --- [    Test worker] com.zaxxer.hikari.HikariDataSource       : HikariPool-1 - Starting...
2021-02-22 20:36:53.114  INFO 23954 --- [    Test worker] com.zaxxer.hikari.HikariDataSource       : HikariPool-1 - Start completed.
2021-02-22 20:36:53.119  INFO 23954 --- [    Test worker] o.s.b.a.h2.H2ConsoleAutoConfiguration    : H2 console available at '/h2-console'. Database available at 'jdbc:h2:file:../snippets'
2021-02-22 20:36:53.245  INFO 23954 --- [    Test worker] o.s.s.concurrent.ThreadPoolTaskExecutor  : Initializing ExecutorService 'applicationTaskExecutor'
2021-02-22 20:36:53.275  INFO 23954 --- [         task-1] o.hibernate.jpa.internal.util.LogHelper  : HHH000204: Processing PersistenceUnitInfo [name: default]
2021-02-22 20:36:53.285  WARN 23954 --- [    Test worker] JpaBaseConfiguration$JpaWebConfiguration : spring.jpa.open-in-view is enabled by default. Therefore, database queries may be performed during view rendering. Explicitly configure spring.jpa.open-in-view to disable this warning
2021-02-22 20:36:53.310  INFO 23954 --- [         task-1] org.hibernate.Version                    : HHH000412: Hibernate ORM core version 5.4.20.Final
2021-02-22 20:36:53.424  INFO 23954 --- [         task-1] o.hibernate.annotations.common.Version   : HCANN000001: Hibernate Commons Annotations {5.1.0.Final}
2021-02-22 20:36:53.498  INFO 23954 --- [         task-1] org.hibernate.dialect.Dialect            : HHH000400: Using dialect: org.hibernate.dialect.H2Dialect
2021-02-22 20:36:53.938  INFO 23954 --- [         task-1] o.h.e.t.j.p.i.JtaPlatformInitiator       : HHH000490: Using JtaPlatform implementation: [org.hibernate.engine.transaction.jta.platform.internal.NoJtaPlatform]
2021-02-22 20:36:53.945  INFO 23954 --- [         task-1] j.LocalContainerEntityManagerFactoryBean : Initialized JPA EntityManagerFactory for persistence unit 'default'
2021-02-22 20:36:54.017  INFO 23954 --- [    Test worker] o.s.b.a.e.web.EndpointLinksResolver      : Exposing 14 endpoint(s) beneath base path '/actuator'
2021-02-22 20:36:54.052  INFO 23954 --- [    Test worker] o.s.b.w.embedded.tomcat.TomcatWebServer  : Tomcat started on port(s): 8889 (http) with context path ''
2021-02-22 20:36:54.053  INFO 23954 --- [    Test worker] DeferredRepositoryInitializationListener : Triggering deferred initialization of Spring Data repositories…
2021-02-22 20:36:54.238  INFO 23954 --- [    Test worker] DeferredRepositoryInitializationListener : Spring Data repositories initialized!
2021-02-22 20:36:54.251  INFO 23954 --- [    Test worker] platform.CodeSharingPlatform             : Started CodeSharingPlatform in 2.646 seconds (JVM running for 3.104)
2021-02-22 20:36:54.484  INFO 23954 --- [nio-8889-exec-1] o.a.c.c.C.[Tomcat].[localhost].[/]       : Initializing Spring DispatcherServlet 'dispatcherServlet'
2021-02-22 20:36:54.484  INFO 23954 --- [nio-8889-exec-1] o.s.web.servlet.DispatcherServlet        : Initializing Servlet 'dispatcherServlet'
2021-02-22 20:36:54.490  INFO 23954 --- [nio-8889-exec-1] o.s.web.servlet.DispatcherServlet        : Completed initialization in 6 ms
&quot;/api/code/new&quot;
907b1419-ced3-406a-971e-8232124ac79d
false
false
0
0
/api/code/907b1419-ced3-406a-971e-8232124ac79d
/api/code/latest
&quot;/api/code/new&quot;
a730b543-d03b-4c84-9962-25dc1dfd135e
false
false
0
0
/api/code/907b1419-ced3-406a-971e-8232124ac79d
/api/code/a730b543-d03b-4c84-9962-25dc1dfd135e
/api/code/latest
&quot;/api/code/new&quot;
937c1914-f5e6-4e6b-8bfd-c1e8dbfe33f0
false
false
0
0
&quot;/api/code/new&quot;
31a0073f-ad52-4a6b-933f-594cbc5bd124
false
false
0
0
&quot;/api/code/new&quot;
6d5eea27-1b68-47b5-8332-9802fd20a684
false
false
0
0
&quot;/api/code/new&quot;
b3b5ff2e-2786-4823-b479-5c35c945f2d8
false
false
0
0
&quot;/api/code/new&quot;
f619e67e-5cf9-47c6-83c0-34d8b18b4bc7
false
false
0
0
&quot;/api/code/new&quot;
dc804548-9020-49f5-a06a-82fa712b7f64
false
false
0
0
&quot;/api/code/new&quot;
04ff6cf4-5cdd-42b6-993b-c97265e8363b
false
false
0
0
&quot;/api/code/new&quot;
291674c3-ccf9-4cec-a38b-1d01aef43a80
false
false
0
0
&quot;/api/code/new&quot;
b565f406-b03e-4cd3-b9d5-0e7b20546f6b
false
false
0
0
&quot;/api/code/new&quot;
765926c5-e40a-44ce-9c52-f45c75df81ad
false
false
0
0
&quot;/api/code/new&quot;
8d5e3388-278f-40a9-8ed3-615e3adab43c
false
false
0
0
&quot;/api/code/new&quot;
28aed548-341e-4fc9-a9a7-a04f22081ba9
false
false
0
0
/api/code/907b1419-ced3-406a-971e-8232124ac79d
/api/code/a730b543-d03b-4c84-9962-25dc1dfd135e
/api/code/937c1914-f5e6-4e6b-8bfd-c1e8dbfe33f0
/api/code/31a0073f-ad52-4a6b-933f-594cbc5bd124
/api/code/6d5eea27-1b68-47b5-8332-9802fd20a684
/api/code/b3b5ff2e-2786-4823-b479-5c35c945f2d8
/api/code/f619e67e-5cf9-47c6-83c0-34d8b18b4bc7
/api/code/dc804548-9020-49f5-a06a-82fa712b7f64
/api/code/04ff6cf4-5cdd-42b6-993b-c97265e8363b
/api/code/291674c3-ccf9-4cec-a38b-1d01aef43a80
/api/code/b565f406-b03e-4cd3-b9d5-0e7b20546f6b
/api/code/765926c5-e40a-44ce-9c52-f45c75df81ad
/api/code/8d5e3388-278f-40a9-8ed3-615e3adab43c
/api/code/28aed548-341e-4fc9-a9a7-a04f22081ba9
/api/code/latest
2021-02-22 20:36:55.684  INFO 23954 --- [       Thread-6] j.LocalContainerEntityManagerFactoryBean : Closing JPA EntityManagerFactory for persistence unit 'default'
2021-02-22 20:36:55.689  INFO 23954 --- [       Thread-6] o.s.s.concurrent.ThreadPoolTaskExecutor  : Shutting down ExecutorService 'applicationTaskExecutor'
2021-02-22 20:36:55.692  INFO 23954 --- [       Thread-6] com.zaxxer.hikari.HikariDataSource       : HikariPool-1 - Shutdown initiated...
2021-02-22 20:36:55.945  INFO 23954 --- [       Thread-6] com.zaxxer.hikari.HikariDataSource       : HikariPool-1 - Shutdown completed.

  .   ____          _            __ _ _
 /\\ / ___'_ __ _ _(_)_ __  __ _ \ \ \ \
( ( )\___ | '_ | '_| | '_ \/ _` | \ \ \ \
 \\/  ___)| |_)| | | | | || (_| |  ) ) ) )
  '  |____| .__|_| |_|_| |_\__, | / / / /
 =========|_|==============|___/=/_/_/_/
 :: Spring Boot ::        (v2.3.3.RELEASE)

2021-02-22 20:36:56.072  INFO 23954 --- [    Test worker] platform.CodeSharingPlatform             : Starting CodeSharingPlatform on dimka9910-2 with PID 23954 (started by dimka9910 in /home/dimka9910/IdeaProjects/Code Sharing Platform/Code Sharing Platform/task)
2021-02-22 20:36:56.073  INFO 23954 --- [    Test worker] platform.CodeSharingPlatform             : No active profile set, falling back to default profiles: default
2021-02-22 20:36:56.227  INFO 23954 --- [    Test worker] .s.d.r.c.RepositoryConfigurationDelegate : Bootstrapping Spring Data JPA repositories in DEFERRED mode.
2021-02-22 20:36:56.231  INFO 23954 --- [    Test worker] .s.d.r.c.RepositoryConfigurationDelegate : Finished Spring Data repository scanning in 3ms. Found 1 JPA repository interfaces.
2021-02-22 20:36:56.285  INFO 23954 --- [    Test worker] o.s.b.w.embedded.tomcat.TomcatWebServer  : Tomcat initialized with port(s): 8889 (http)
2021-02-22 20:36:56.286  INFO 23954 --- [    Test worker] o.apache.catalina.core.StandardService   : Starting service [Tomcat]
2021-02-22 20:36:56.286  INFO 23954 --- [    Test worker] org.apache.catalina.core.StandardEngine  : Starting Servlet engine: [Apache Tomcat/9.0.37]
2021-02-22 20:36:56.297  INFO 23954 --- [    Test worker] o.a.c.c.C.[Tomcat].[localhost].[/]       : Initializing Spring embedded WebApplicationContext
2021-02-22 20:36:56.297  INFO 23954 --- [    Test worker] w.s.c.ServletWebServerApplicationContext : Root WebApplicationContext: initialization completed in 222 ms
2021-02-22 20:36:56.328  INFO 23954 --- [    Test worker] com.zaxxer.hikari.HikariDataSource       : HikariPool-2 - Starting...
2021-02-22 20:36:56.332  INFO 23954 --- [    Test worker] com.zaxxer.hikari.HikariDataSource       : HikariPool-2 - Start completed.
2021-02-22 20:36:56.333  INFO 23954 --- [    Test worker] o.s.b.a.h2.H2ConsoleAutoConfiguration    : H2 console available at '/h2-console'. Database available at 'jdbc:h2:file:../snippets'
2021-02-22 20:36:56.365  INFO 23954 --- [    Test worker] o.s.s.concurrent.ThreadPoolTaskExecutor  : Initializing ExecutorService 'applicationTaskExecutor'
2021-02-22 20:36:56.368  INFO 23954 --- [         task-1] o.hibernate.jpa.internal.util.LogHelper  : HHH000204: Processing PersistenceUnitInfo [name: default]
2021-02-22 20:36:56.373  INFO 23954 --- [         task-1] org.hibernate.dialect.Dialect            : HHH000400: Using dialect: org.hibernate.dialect.H2Dialect
2021-02-22 20:36:56.378  WARN 23954 --- [    Test worker] JpaBaseConfiguration$JpaWebConfiguration : spring.jpa.open-in-view is enabled by default. Therefore, database queries may be performed during view rendering. Explicitly configure spring.jpa.open-in-view to disable this warning
2021-02-22 20:36:56.422  INFO 23954 --- [         task-1] o.h.e.t.j.p.i.JtaPlatformInitiator       : HHH000490: Using JtaPlatform implementation: [org.hibernate.engine.transaction.jta.platform.internal.NoJtaPlatform]
2021-02-22 20:36:56.423  INFO 23954 --- [         task-1] j.LocalContainerEntityManagerFactoryBean : Initialized JPA EntityManagerFactory for persistence unit 'default'
2021-02-22 20:36:56.498  INFO 23954 --- [    Test worker] o.s.b.a.e.web.EndpointLinksResolver      : Exposing 14 endpoint(s) beneath base path '/actuator'
2021-02-22 20:36:56.508  INFO 23954 --- [    Test worker] o.s.b.w.embedded.tomcat.TomcatWebServer  : Tomcat started on port(s): 8889 (http) with context path ''
2021-02-22 20:36:56.509  INFO 23954 --- [    Test worker] DeferredRepositoryInitializationListener : Triggering deferred initialization of Spring Data repositories…
2021-02-22 20:36:56.530  INFO 23954 --- [    Test worker] DeferredRepositoryInitializationListener : Spring Data repositories initialized!
2021-02-22 20:36:56.535  INFO 23954 --- [    Test worker] platform.CodeSharingPlatform             : Started CodeSharingPlatform in 0.487 seconds (JVM running for 5.388)
2021-02-22 20:36:56.539  INFO 23954 --- [nio-8889-exec-1] o.a.c.c.C.[Tomcat].[localhost].[/]       : Initializing Spring DispatcherServlet 'dispatcherServlet'
2021-02-22 20:36:56.539  INFO 23954 --- [nio-8889-exec-1] o.s.web.servlet.DispatcherServlet        : Initializing Servlet 'dispatcherServlet'
2021-02-22 20:36:56.541  INFO 23954 --- [nio-8889-exec-1] o.s.web.servlet.DispatcherServlet        : Completed initialization in 2 ms
/api/code/907b1419-ced3-406a-971e-8232124ac79d
/api/code/a730b543-d03b-4c84-9962-25dc1dfd135e
/api/code/937c1914-f5e6-4e6b-8bfd-c1e8dbfe33f0
/api/code/31a0073f-ad52-4a6b-933f-594cbc5bd124
/api/code/6d5eea27-1b68-47b5-8332-9802fd20a684
/api/code/b3b5ff2e-2786-4823-b479-5c35c945f2d8
/api/code/f619e67e-5cf9-47c6-83c0-34d8b18b4bc7
/api/code/dc804548-9020-49f5-a06a-82fa712b7f64
/api/code/04ff6cf4-5cdd-42b6-993b-c97265e8363b
/api/code/291674c3-ccf9-4cec-a38b-1d01aef43a80
/api/code/b565f406-b03e-4cd3-b9d5-0e7b20546f6b
/api/code/765926c5-e40a-44ce-9c52-f45c75df81ad
/api/code/8d5e3388-278f-40a9-8ed3-615e3adab43c
/api/code/28aed548-341e-4fc9-a9a7-a04f22081ba9
/api/code/latest
&quot;/api/code/new&quot;
2cfb536c-633f-4edc-b2ac-6190939694ea
false
false
0
0
&quot;/api/code/new&quot;
59605135-1b18-4267-b8bf-a36f271daaa3
true
true
100
20
&quot;/api/code/new&quot;
1ad37564-24a6-482b-a427-8342430bbce1
false
false
0
0
&quot;/api/code/new&quot;
cab2ab7f-f508-4aab-ab37-c3f4c497afc1
false
true
0
5
&quot;/api/code/new&quot;
1ce6d564-f25c-474f-9485-31ac1082d116
false
false
0
0
&quot;/api/code/new&quot;
ac376f14-ff03-4a7a-a278-73efc23f678e
true
false
3
0
&quot;/api/code/new&quot;
7417f5fd-70e4-4f9f-8cd1-293c26fc9d59
false
false
0
0
&quot;/api/code/new&quot;
8ec6a957-7d2e-4fd6-8a2a-19ec9bd58c6b
true
false
30
0
/api/code/2cfb536c-633f-4edc-b2ac-6190939694ea
/api/code/1ad37564-24a6-482b-a427-8342430bbce1
/api/code/1ce6d564-f25c-474f-9485-31ac1082d116
/api/code/7417f5fd-70e4-4f9f-8cd1-293c26fc9d59

  .   ____          _            __ _ _
 /\\ / ___'_ __ _ _(_)_ __  __ _ \ \ \ \
( ( )\___ | '_ | '_| | '_ \/ _` | \ \ \ \
 \\/  ___)| |_)| | | | | || (_| |  ) ) ) )
  '  |____| .__|_| |_|_| |_\__, | / / / /
 =========|_|==============|___/=/_/_/_/
 :: Spring Boot ::        (v2.3.3.RELEASE)

2021-02-22 20:37:01.825  INFO 23954 --- [    Test worker] platform.CodeSharingPlatform             : Starting CodeSharingPlatform on dimka9910-2 with PID 23954 (started by dimka9910 in /home/dimka9910/IdeaProjects/Code Sharing Platform/Code Sharing Platform/task)
2021-02-22 20:37:01.826  INFO 23954 --- [    Test worker] platform.CodeSharingPlatform             : No active profile set, falling back to default profiles: default
2021-02-22 20:37:01.952  INFO 23954 --- [    Test worker] .s.d.r.c.RepositoryConfigurationDelegate : Bootstrapping Spring Data JPA repositories in DEFERRED mode.
2021-02-22 20:37:01.956  INFO 23954 --- [    Test worker] .s.d.r.c.RepositoryConfigurationDelegate : Finished Spring Data repository scanning in 3ms. Found 1 JPA repository interfaces.
2021-02-22 20:37:02.001  INFO 23954 --- [    Test worker] o.s.b.w.embedded.tomcat.TomcatWebServer  : Tomcat initialized with port(s): 8889 (http)
2021-02-22 20:37:02.001  INFO 23954 --- [    Test worker] o.apache.catalina.core.StandardService   : Starting service [Tomcat]
2021-02-22 20:37:02.002  INFO 23954 --- [    Test worker] org.apache.catalina.core.StandardEngine  : Starting Servlet engine: [Apache Tomcat/9.0.37]
2021-02-22 20:37:02.011  INFO 23954 --- [    Test worker] o.a.c.c.C.[Tomcat-1].[localhost].[/]     : Initializing Spring embedded WebApplicationContext
2021-02-22 20:37:02.011  INFO 23954 --- [    Test worker] w.s.c.ServletWebServerApplicationContext : Root WebApplicationContext: initialization completed in 183 ms
2021-02-22 20:37:02.035  INFO 23954 --- [    Test worker] com.zaxxer.hikari.HikariDataSource       : HikariPool-3 - Starting...
2021-02-22 20:37:02.036  INFO 23954 --- [    Test worker] com.zaxxer.hikari.HikariDataSource       : HikariPool-3 - Start completed.
2021-02-22 20:37:02.036  INFO 23954 --- [    Test worker] o.s.b.a.h2.H2ConsoleAutoConfiguration    : H2 console available at '/h2-console'. Database available at 'jdbc:h2:file:../snippets'
2021-02-22 20:37:02.060  INFO 23954 --- [    Test worker] o.s.s.concurrent.ThreadPoolTaskExecutor  : Initializing ExecutorService 'applicationTaskExecutor'
2021-02-22 20:37:02.062  INFO 23954 --- [         task-1] o.hibernate.jpa.internal.util.LogHelper  : HHH000204: Processing PersistenceUnitInfo [name: default]
2021-02-22 20:37:02.065  INFO 23954 --- [         task-1] org.hibernate.dialect.Dialect            : HHH000400: Using dialect: org.hibernate.dialect.H2Dialect
2021-02-22 20:37:02.068  WARN 23954 --- [    Test worker] JpaBaseConfiguration$JpaWebConfiguration : spring.jpa.open-in-view is enabled by default. Therefore, database queries may be performed during view rendering. Explicitly configure spring.jpa.open-in-view to disable this warning
2021-02-22 20:37:02.092  INFO 23954 --- [         task-1] o.h.e.t.j.p.i.JtaPlatformInitiator       : HHH000490: Using JtaPlatform implementation: [org.hibernate.engine.transaction.jta.platform.internal.NoJtaPlatform]
2021-02-22 20:37:02.092  INFO 23954 --- [         task-1] j.LocalContainerEntityManagerFactoryBean : Initialized JPA EntityManagerFactory for persistence unit 'default'
2021-02-22 20:37:02.173  INFO 23954 --- [    Test worker] o.s.b.a.e.web.EndpointLinksResolver      : Exposing 14 endpoint(s) beneath base path '/actuator'
2021-02-22 20:37:02.184  WARN 23954 --- [    Test worker] ConfigServletWebServerApplicationContext : Exception encountered during context initialization - cancelling refresh attempt: org.springframework.context.ApplicationContextException: Failed to start bean 'webServerStartStop'; nested exception is org.springframework.boot.web.server.PortInUseException: Port 8889 is already in use
2021-02-22 20:37:02.185  INFO 23954 --- [    Test worker] j.LocalContainerEntityManagerFactoryBean : Closing JPA EntityManagerFactory for persistence unit 'default'
2021-02-22 20:37:02.185  INFO 23954 --- [    Test worker] o.s.s.concurrent.ThreadPoolTaskExecutor  : Shutting down ExecutorService 'applicationTaskExecutor'
2021-02-22 20:37:02.186  INFO 23954 --- [    Test worker] com.zaxxer.hikari.HikariDataSource       : HikariPool-3 - Shutdown initiated...
2021-02-22 20:37:02.187  INFO 23954 --- [    Test worker] com.zaxxer.hikari.HikariDataSource       : HikariPool-3 - Shutdown completed.
2021-02-22 20:37:02.188  INFO 23954 --- [    Test worker] o.apache.catalina.core.StandardService   : Stopping service [Tomcat]
[...]
2021-02-22 20:36:52.906  INFO 23954 --- [    Test worker] o.a.c.c.C.[Tomcat].[localhost].[/]       : Initializing Spring embedded WebApplicationContext
2021-02-22 20:36:52.906  INFO 23954 --- [    Test worker] w.s.c.ServletWebServerApplicationContext : Root WebApplicationContext: initialization completed in 1021 ms
2021-02-22 20:36:52.998  INFO 23954 --- [    Test worker] com.zaxxer.hikari.HikariDataSource       : HikariPool-1 - Starting...
2021-02-22 20:36:53.114  INFO 23954 --- [    Test worker] com.zaxxer.hikari.HikariDataSource       : HikariPool-1 - Start completed.
2021-02-22 20:36:53.119  INFO 23954 --- [    Test worker] o.s.b.a.h2.H2ConsoleAutoConfiguration    : H2 console available at '/h2-console'. Database available at 'jdbc:h2:file:../snippets'
2021-02-22 20:36:53.245  INFO 23954 --- [    Test worker] o.s.s.concurrent.ThreadPoolTaskExecutor  : Initializing ExecutorService 'applicationTaskExecutor'
2021-02-22 20:36:53.275  INFO 23954 --- [         task-1] o.hibernate.jpa.internal.util.LogHelper  : HHH000204: Processing PersistenceUnitInfo [name: default]
2021-02-22 20:36:53.285  WARN 23954 --- [    Test worker] JpaBaseConfiguration$JpaWebConfiguration : spring.jpa.open-in-view is enabled by default. Therefore, database queries may be performed during view rendering. Explicitly configure spring.jpa.open-in-view to disable this warning
2021-02-22 20:36:53.310  INFO 23954 --- [         task-1] org.hibernate.Version                    : HHH000412: Hibernate ORM core version 5.4.20.Final
2021-02-22 20:36:53.424  INFO 23954 --- [         task-1] o.hibernate.annotations.common.Version   : HCANN000001: Hibernate Commons Annotations {5.1.0.Final}
2021-02-22 20:36:53.498  INFO 23954 --- [         task-1] org.hibernate.dialect.Dialect            : HHH000400: Using dialect: org.hibernate.dialect.H2Dialect
2021-02-22 20:36:53.938  INFO 23954 --- [         task-1] o.h.e.t.j.p.i.JtaPlatformInitiator       : HHH000490: Using JtaPlatform implementation: [org.hibernate.engine.transaction.jta.platform.internal.NoJtaPlatform]
2021-02-22 20:36:53.945  INFO 23954 --- [         task-1] j.LocalContainerEntityManagerFactoryBean : Initialized JPA EntityManagerFactory for persistence unit 'default'
2021-02-22 20:36:54.017  INFO 23954 --- [    Test worker] o.s.b.a.e.web.EndpointLinksResolver      : Exposing 14 endpoint(s) beneath base path '/actuator'
2021-02-22 20:36:54.052  INFO 23954 --- [    Test worker] o.s.b.w.embedded.tomcat.TomcatWebServer  : Tomcat started on port(s): 8889 (http) with context path ''
2021-02-22 20:36:54.053  INFO 23954 --- [    Test worker] DeferredRepositoryInitializationListener : Triggering deferred initialization of Spring Data repositories…
2021-02-22 20:36:54.238  INFO 23954 --- [    Test worker] DeferredRepositoryInitializationListener : Spring Data repositories initialized!
2021-02-22 20:36:54.251  INFO 23954 --- [    Test worker] platform.CodeSharingPlatform             : Started CodeSharingPlatform in 2.646 seconds (JVM running for 3.104)
2021-02-22 20:36:54.484  INFO 23954 --- [nio-8889-exec-1] o.a.c.c.C.[Tomcat].[localhost].[/]       : Initializing Spring DispatcherServlet 'dispatcherServlet'
2021-02-22 20:36:54.484  INFO 23954 --- [nio-8889-exec-1] o.s.web.servlet.DispatcherServlet        : Initializing Servlet 'dispatcherServlet'
2021-02-22 20:36:54.490  INFO 23954 --- [nio-8889-exec-1] o.s.web.servlet.DispatcherServlet        : Completed initialization in 6 ms
?[1;31m
Start test 2?[0m
"/api/code/new"
907b1419-ced3-406a-971e-8232124ac79d
false
false
0
0
?[1;31m
Start test 3?[0m
/api/code/907b1419-ced3-406a-971e-8232124ac79d
?[1;31m
Start test 4?[0m
?[1;31m
Start test 5?[0m
/api/code/latest
?[1;31m
Start test 6?[0m
?[1;31m
Start test 7?[0m
"/api/code/new"
a730b543-d03b-4c84-9962-25dc1dfd135e
false
false
0
0
?[1;31m
Start test 8?[0m
/api/code/907b1419-ced3-406a-971e-8232124ac79d
?[1;31m
Start test 9?[0m
?[1;31m
Start test 10?[0m
/api/code/a730b543-d03b-4c84-9962-25dc1dfd135e
?[1;31m
Start test 11?[0m
?[1;31m
Start test 12?[0m
/api/code/latest
?[1;31m
Start test 13?[0m
?[1;31m
Start test 14?[0m
"/api/code/new"
937c1914-f5e6-4e6b-8bfd-c1e8dbfe33f0
false
false
0
0
?[1;31m
Start test 15?[0m
"/api/code/new"
31a0073f-ad52-4a6b-933f-594cbc5bd124
false
false
0
0
?[1;31m
Start test 16?[0m
"/api/code/new"
6d5eea27-1b68-47b5-8332-9802fd20a684
false
false
0
0
?[1;31m
Start test 17?[0m
"/api/code/new"
b3b5ff2e-2786-4823-b479-5c35c945f2d8
false
false
0
0
?[1;31m
Start test 18?[0m
"/api/code/new"
f619e67e-5cf9-47c6-83c0-34d8b18b4bc7
false
false
0
0
?[1;31m
Start test 19?[0m
"/api/code/new"
dc804548-9020-49f5-a06a-82fa712b7f64
false
false
0
0
?[1;31m
Start test 20?[0m
"/api/code/new"
04ff6cf4-5cdd-42b6-993b-c97265e8363b
false
false
0
0
?[1;31m
Start test 21?[0m
"/api/code/new"
291674c3-ccf9-4cec-a38b-1d01aef43a80
false
false
0
0
?[1;31m
Start test 22?[0m
"/api/code/new"
b565f406-b03e-4cd3-b9d5-0e7b20546f6b
false
false
0
0
?[1;31m
Start test 23?[0m
"/api/code/new"
765926c5-e40a-44ce-9c52-f45c75df81ad
false
false
0
0
?[1;31m
Start test 24?[0m
"/api/code/new"
8d5e3388-278f-40a9-8ed3-615e3adab43c
false
false
0
0
?[1;31m
Start test 25?[0m
"/api/code/new"
28aed548-341e-4fc9-a9a7-a04f22081ba9
false
false
0
0
?[1;31m
Start test 26?[0m
/api/code/907b1419-ced3-406a-971e-8232124ac79d
?[1;31m
Start test 27?[0m
?[1;31m
Start test 28?[0m
/api/code/a730b543-d03b-4c84-9962-25dc1dfd135e
?[1;31m
Start test 29?[0m
?[1;31m
Start test 30?[0m
/api/code/937c1914-f5e6-4e6b-8bfd-c1e8dbfe33f0
?[1;31m
Start test 31?[0m
?[1;31m
Start test 32?[0m
/api/code/31a0073f-ad52-4a6b-933f-594cbc5bd124
?[1;31m
Start test 33?[0m
?[1;31m
Start test 34?[0m
/api/code/6d5eea27-1b68-47b5-8332-9802fd20a684
?[1;31m
Start test 35?[0m
?[1;31m
Start test 36?[0m
/api/code/b3b5ff2e-2786-4823-b479-5c35c945f2d8
?[1;31m
Start test 37?[0m
?[1;31m
Start test 38?[0m
/api/code/f619e67e-5cf9-47c6-83c0-34d8b18b4bc7
?[1;31m
Start test 39?[0m
?[1;31m
Start test 40?[0m
/api/code/dc804548-9020-49f5-a06a-82fa712b7f64
?[1;31m
Start test 41?[0m
?[1;31m
Start test 42?[0m
/api/code/04ff6cf4-5cdd-42b6-993b-c97265e8363b
?[1;31m
Start test 43?[0m
?[1;31m
Start test 44?[0m
/api/code/291674c3-ccf9-4cec-a38b-1d01aef43a80
?[1;31m
Start test 45?[0m
?[1;31m
Start test 46?[0m
/api/code/b565f406-b03e-4cd3-b9d5-0e7b20546f6b
?[1;31m
Start test 47?[0m
?[1;31m
Start test 48?[0m
/api/code/765926c5-e40a-44ce-9c52-f45c75df81ad
?[1;31m
Start test 49?[0m
?[1;31m
Start test 50?[0m
/api/code/8d5e3388-278f-40a9-8ed3-615e3adab43c
?[1;31m
Start test 51?[0m
?[1;31m
Start test 52?[0m
/api/code/28aed548-341e-4fc9-a9a7-a04f22081ba9
?[1;31m
Start test 53?[0m
?[1;31m
Start test 54?[0m
/api/code/latest
?[1;31m
Start test 55?[0m
?[1;31m
Start test 56?[0m
2021-02-22 20:36:55.684  INFO 23954 --- [       Thread-6] j.LocalContainerEntityManagerFactoryBean : Closing JPA EntityManagerFactory for persistence unit 'default'
2021-02-22 20:36:55.689  INFO 23954 --- [       Thread-6] o.s.s.concurrent.ThreadPoolTaskExecutor  : Shutting down ExecutorService 'applicationTaskExecutor'
2021-02-22 20:36:55.692  INFO 23954 --- [       Thread-6] com.zaxxer.hikari.HikariDataSource       : HikariPool-1 - Shutdown initiated...
2021-02-22 20:36:55.945  INFO 23954 --- [       Thread-6] com.zaxxer.hikari.HikariDataSource       : HikariPool-1 - Shutdown completed.

  .   ____          _            __ _ _
 /\\ / ___'_ __ _ _(_)_ __  __ _ \ \ \ \
( ( )\___ | '_ | '_| | '_ \/ _` | \ \ \ \
 \\/  ___)| |_)| | | | | || (_| |  ) ) ) )
  '  |____| .__|_| |_|_| |_\__, | / / / /
 =========|_|==============|___/=/_/_/_/
 :: Spring Boot ::        (v2.3.3.RELEASE)

2021-02-22 20:36:56.072  INFO 23954 --- [    Test worker] platform.CodeSharingPlatform             : Starting CodeSharingPlatform on dimka9910-2 with PID 23954 (started by dimka9910 in /home/dimka9910/IdeaProjects/Code Sharing Platform/Code Sharing Platform/task)
2021-02-22 20:36:56.073  INFO 23954 --- [    Test worker] platform.CodeSharingPlatform             : No active profile set, falling back to default profiles: default
2021-02-22 20:36:56.227  INFO 23954 --- [    Test worker] .s.d.r.c.RepositoryConfigurationDelegate : Bootstrapping Spring Data JPA repositories in DEFERRED mode.
2021-02-22 20:36:56.231  INFO 23954 --- [    Test worker] .s.d.r.c.RepositoryConfigurationDelegate : Finished Spring Data repository scanning in 3ms. Found 1 JPA repository interfaces.
2021-02-22 20:36:56.285  INFO 23954 --- [    Test worker] o.s.b.w.embedded.tomcat.TomcatWebServer  : Tomcat initialized with port(s): 8889 (http)
2021-02-22 20:36:56.286  INFO 23954 --- [    Test worker] o.apache.catalina.core.StandardService   : Starting service [Tomcat]
2021-02-22 20:36:56.286  INFO 23954 --- [    Test worker] org.apache.catalina.core.StandardEngine  : Starting Servlet engine: [Apache Tomcat/9.0.37]
2021-02-22 20:36:56.297  INFO 23954 --- [    Test worker] o.a.c.c.C.[Tomcat].[localhost].[/]       : Initializing Spring embedded WebApplicationContext
2021-02-22 20:36:56.297  INFO 23954 --- [    Test worker] w.s.c.ServletWebServerApplicationContext : Root WebApplicationContext: initialization completed in 222 ms
2021-02-22 20:36:56.328  INFO 23954 --- [    Test worker] com.zaxxer.hikari.HikariDataSource       : HikariPool-2 - Starting...
2021-02-22 20:36:56.332  INFO 23954 --- [    Test worker] com.zaxxer.hikari.HikariDataSource       : HikariPool-2 - Start completed.
2021-02-22 20:36:56.333  INFO 23954 --- [    Test worker] o.s.b.a.h2.H2ConsoleAutoConfiguration    : H2 console available at '/h2-console'. Database available at 'jdbc:h2:file:../snippets'
2021-02-22 20:36:56.365  INFO 23954 --- [    Test worker] o.s.s.concurrent.ThreadPoolTaskExecutor  : Initializing ExecutorService 'applicationTaskExecutor'
2021-02-22 20:36:56.368  INFO 23954 --- [         task-1] o.hibernate.jpa.internal.util.LogHelper  : HHH000204: Processing PersistenceUnitInfo [name: default]
2021-02-22 20:36:56.373  INFO 23954 --- [         task-1] org.hibernate.dialect.Dialect            : HHH000400: Using dialect: org.hibernate.dialect.H2Dialect
2021-02-22 20:36:56.378  WARN 23954 --- [    Test worker] JpaBaseConfiguration$JpaWebConfiguration : spring.jpa.open-in-view is enabled by default. Therefore, database queries may be performed during view rendering. Explicitly configure spring.jpa.open-in-view to disable this warning
2021-02-22 20:36:56.422  INFO 23954 --- [         task-1] o.h.e.t.j.p.i.JtaPlatformInitiator       : HHH000490: Using JtaPlatform implementation: [org.hibernate.engine.transaction.jta.platform.internal.NoJtaPlatform]
2021-02-22 20:36:56.423  INFO 23954 --- [         task-1] j.LocalContainerEntityManagerFactoryBean : Initialized JPA EntityManagerFactory for persistence unit 'default'
2021-02-22 20:36:56.498  INFO 23954 --- [    Test worker] o.s.b.a.e.web.EndpointLinksResolver      : Exposing 14 endpoint(s) beneath base path '/actuator'
2021-02-22 20:36:56.508  INFO 23954 --- [    Test worker] o.s.b.w.embedded.tomcat.TomcatWebServer  : Tomcat started on port(s): 8889 (http) with context path ''
2021-02-22 20:36:56.509  INFO 23954 --- [    Test worker] DeferredRepositoryInitializationListener : Triggering deferred initialization of Spring Data repositories…
2021-02-22 20:36:56.530  INFO 23954 --- [    Test worker] DeferredRepositoryInitializationListener : Spring Data repositories initialized!
2021-02-22 20:36:56.535  INFO 23954 --- [    Test worker] platform.CodeSharingPlatform             : Started CodeSharingPlatform in 0.487 seconds (JVM running for 5.388)
?[1;31m
Start test 57?[0m
2021-02-22 20:36:56.539  INFO 23954 --- [nio-8889-exec-1] o.a.c.c.C.[Tomcat].[localhost].[/]       : Initializing Spring DispatcherServlet 'dispatcherServlet'
2021-02-22 20:36:56.539  INFO 23954 --- [nio-8889-exec-1] o.s.web.servlet.DispatcherServlet        : Initializing Servlet 'dispatcherServlet'
2021-02-22 20:36:56.541  INFO 23954 --- [nio-8889-exec-1] o.s.web.servlet.DispatcherServlet        : Completed initialization in 2 ms
/api/code/907b1419-ced3-406a-971e-8232124ac79d
?[1;31m
Start test 58?[0m
?[1;31m
Start test 59?[0m
/api/code/a730b543-d03b-4c84-9962-25dc1dfd135e
?[1;31m
Start test 60?[0m
?[1;31m
Start test 61?[0m
/api/code/937c1914-f5e6-4e6b-8bfd-c1e8dbfe33f0
?[1;31m
Start test 62?[0m
?[1;31m
Start test 63?[0m
/api/code/31a0073f-ad52-4a6b-933f-594cbc5bd124
?[1;31m
Start test 64?[0m
?[1;31m
Start test 65?[0m
/api/code/6d5eea27-1b68-47b5-8332-9802fd20a684
?[1;31m
Start test 66?[0m
?[1;31m
Start test 67?[0m
/api/code/b3b5ff2e-2786-4823-b479-5c35c945f2d8
?[1;31m
Start test 68?[0m
?[1;31m
Start test 69?[0m
/api/code/f619e67e-5cf9-47c6-83c0-34d8b18b4bc7
?[1;31m
Start test 70?[0m
?[1;31m
Start test 71?[0m
/api/code/dc804548-9020-49f5-a06a-82fa712b7f64
?[1;31m
Start test 72?[0m
?[1;31m
Start test 73?[0m
/api/code/04ff6cf4-5cdd-42b6-993b-c97265e8363b
?[1;31m
Start test 74?[0m
?[1;31m
Start test 75?[0m
/api/code/291674c3-ccf9-4cec-a38b-1d01aef43a80
?[1;31m
Start test 76?[0m
?[1;31m
Start test 77?[0m
/api/code/b565f406-b03e-4cd3-b9d5-0e7b20546f6b
?[1;31m
Start test 78?[0m
?[1;31m
Start test 79?[0m
/api/code/765926c5-e40a-44ce-9c52-f45c75df81ad
?[1;31m
Start test 80?[0m
?[1;31m
Start test 81?[0m
/api/code/8d5e3388-278f-40a9-8ed3-615e3adab43c
?[1;31m
Start test 82?[0m
?[1;31m
Start test 83?[0m
/api/code/28aed548-341e-4fc9-a9a7-a04f22081ba9
?[1;31m
Start test 84?[0m
?[1;31m
Start test 85?[0m
/api/code/latest
?[1;31m
Start test 86?[0m
?[1;31m
Start test 87?[0m
"/api/code/new"
2cfb536c-633f-4edc-b2ac-6190939694ea
false
false
0
0
?[1;31m
Start test 88?[0m
"/api/code/new"
59605135-1b18-4267-b8bf-a36f271daaa3
true
true
100
20
?[1;31m
Start test 89?[0m
"/api/code/new"
1ad37564-24a6-482b-a427-8342430bbce1
false
false
0
0
?[1;31m
Start test 90?[0m
"/api/code/new"
cab2ab7f-f508-4aab-ab37-c3f4c497afc1
false
true
0
5
?[1;31m
Start test 91?[0m
"/api/code/new"
1ce6d564-f25c-474f-9485-31ac1082d116
false
false
0
0
?[1;31m
Start test 92?[0m
"/api/code/new"
ac376f14-ff03-4a7a-a278-73efc23f678e
true
false
3
0
?[1;31m
Start test 93?[0m
"/api/code/new"
7417f5fd-70e4-4f9f-8cd1-293c26fc9d59
false
false
0
0
?[1;31m
Start test 94?[0m
"/api/code/new"
8ec6a957-7d2e-4fd6-8a2a-19ec9bd58c6b
true
false
30
0
?[1;31m
Start test 95?[0m
/api/code/2cfb536c-633f-4edc-b2ac-6190939694ea
?[1;31m
Start test 96?[0m
?[1;31m
Start test 97?[0m
/api/code/1ad37564-24a6-482b-a427-8342430bbce1
?[1;31m
Start test 98?[0m
?[1;31m
Start test 99?[0m
/api/code/1ce6d564-f25c-474f-9485-31ac1082d116
?[1;31m
Start test 100?[0m
?[1;31m
Start test 101?[0m
/api/code/7417f5fd-70e4-4f9f-8cd1-293c26fc9d59
?[1;31m
Start test 102?[0m
?[1;31m
Start test 103?[0m

  .   ____          _            __ _ _
 /\\ / ___'_ __ _ _(_)_ __  __ _ \ \ \ \
( ( )\___ | '_ | '_| | '_ \/ _` | \ \ \ \
 \\/  ___)| |_)| | | | | || (_| |  ) ) ) )
  '  |____| .__|_| |_|_| |_\__, | / / / /
 =========|_|==============|___/=/_/_/_/
 :: Spring Boot ::        (v2.3.3.RELEASE)

2021-02-22 20:37:01.825  INFO 23954 --- [    Test worker] platform.CodeSharingPlatform             : Starting CodeSharingPlatform on dimka9910-2 with PID 23954 (started by dimka9910 in /home/dimka9910/IdeaProjects/Code Sharing Platform/Code Sharing Platform/task)
2021-02-22 20:37:01.826  INFO 23954 --- [    Test worker] platform.CodeSharingPlatform             : No active profile set, falling back to default profiles: default
2021-02-22 20:37:01.952  INFO 23954 --- [    Test worker] .s.d.r.c.RepositoryConfigurationDelegate : Bootstrapping Spring Data JPA repositories in DEFERRED mode.
2021-02-22 20:37:01.956  INFO 23954 --- [    Test worker] .s.d.r.c.RepositoryConfigurationDelegate : Finished Spring Data repository scanning in 3ms. Found 1 JPA repository interfaces.
2021-02-22 20:37:02.001  INFO 23954 --- [    Test worker] o.s.b.w.embedded.tomcat.TomcatWebServer  : Tomcat initialized with port(s): 8889 (http)
2021-02-22 20:37:02.001  INFO 23954 --- [    Test worker] o.apache.catalina.core.StandardService   : Starting service [Tomcat]
2021-02-22 20:37:02.002  INFO 23954 --- [    Test worker] org.apache.catalina.core.StandardEngine  : Starting Servlet engine: [Apache Tomcat/9.0.37]
2021-02-22 20:37:02.011  INFO 23954 --- [    Test worker] o.a.c.c.C.[Tomcat-1].[localhost].[/]     : Initializing Spring embedded WebApplicationContext
2021-02-22 20:37:02.011  INFO 23954 --- [    Test worker] w.s.c.ServletWebServerApplicationContext : Root WebApplicationContext: initialization completed in 183 ms
2021-02-22 20:37:02.035  INFO 23954 --- [    Test worker] com.zaxxer.hikari.HikariDataSource       : HikariPool-3 - Starting...
2021-02-22 20:37:02.036  INFO 23954 --- [    Test worker] com.zaxxer.hikari.HikariDataSource       : HikariPool-3 - Start completed.
2021-02-22 20:37:02.036  INFO 23954 --- [    Test worker] o.s.b.a.h2.H2ConsoleAutoConfiguration    : H2 console available at '/h2-console'. Database available at 'jdbc:h2:file:../snippets'
2021-02-22 20:37:02.060  INFO 23954 --- [    Test worker] o.s.s.concurrent.ThreadPoolTaskExecutor  : Initializing ExecutorService 'applicationTaskExecutor'
2021-02-22 20:37:02.062  INFO 23954 --- [         task-1] o.hibernate.jpa.internal.util.LogHelper  : HHH000204: Processing PersistenceUnitInfo [name: default]
2021-02-22 20:37:02.065  INFO 23954 --- [         task-1] org.hibernate.dialect.Dialect            : HHH000400: Using dialect: org.hibernate.dialect.H2Dialect
2021-02-22 20:37:02.068  WARN 23954 --- [    Test worker] JpaBaseConfiguration$JpaWebConfiguration : spring.jpa.open-in-view is enabled by default. Therefore, database queries may be performed during view rendering. Explicitly configure spring.jpa.open-in-view to disable this warning
2021-02-22 20:37:02.092  INFO 23954 --- [         task-1] o.h.e.t.j.p.i.JtaPlatformInitiator       : HHH000490: Using JtaPlatform implementation: [org.hibernate.engine.transaction.jta.platform.internal.NoJtaPlatform]
2021-02-22 20:37:02.092  INFO 23954 --- [         task-1] j.LocalContainerEntityManagerFactoryBean : Initialized JPA EntityManagerFactory for persistence unit 'default'
2021-02-22 20:37:02.173  INFO 23954 --- [    Test worker] o.s.b.a.e.web.EndpointLinksResolver      : Exposing 14 endpoint(s) beneath base path '/actuator'
2021-02-22 20:37:02.184  WARN 23954 --- [    Test worker] ConfigServletWebServerApplicationContext : Exception encountered during context initialization - cancelling refresh attempt: org.springframework.context.ApplicationContextException: Failed to start bean 'webServerStartStop'; nested exception is org.springframework.boot.web.server.PortInUseException: Port 8889 is already in use
2021-02-22 20:37:02.185  INFO 23954 --- [    Test worker] j.LocalContainerEntityManagerFactoryBean : Closing JPA EntityManagerFactory for persistence unit 'default'
2021-02-22 20:37:02.185  INFO 23954 --- [    Test worker] o.s.s.concurrent.ThreadPoolTaskExecutor  : Shutting down ExecutorService 'applicationTaskExecutor'
2021-02-22 20:37:02.186  INFO 23954 --- [    Test worker] com.zaxxer.hikari.HikariDataSource       : HikariPool-3 - Shutdown initiated...
2021-02-22 20:37:02.187  INFO 23954 --- [    Test worker] com.zaxxer.hikari.HikariDataSource       : HikariPool-3 - Shutdown completed.
2021-02-22 20:37:02.188  INFO 23954 --- [    Test worker] o.apache.catalina.core.StandardService   : Stopping service [Tomcat]
2021-02-22 20:37:02.194  INFO 23954 --- [    Test worker] ConditionEvaluationReportLoggingListener : 

Error starting ApplicationContext. To display the conditions report re-run your application with 'debug' enabled.
2021-02-22 20:37:02.196 ERROR 23954 --- [    Test worker] o.s.b.d.LoggingFailureAnalysisReporter   : 

***************************
APPLICATION FAILED TO START
***************************

Description:

Web server failed to start. Port 8889 was already in use.

Action:

Identify and stop the process that's listening on port 8889 or configure this application to listen on another port.

]]></system-out>
  <system-err><![CDATA[]]></system-err>
</testsuite>
